Build log C:\Lm\Source\Denver\Denver\Release\Denver.log
Created Thursday, May 17, 2012, at 18:50:03

Build due for component Neuron (R) C Compiler, reason: File C:\LM\SOURCE\DENVER\DENVER\DENVER.NC is present but modified
Requesting build from Neuron (R) C Compiler
Compiling...
Neuron (R) C Compiler: C:\Lm\Source\Denver\Denver\Denver.nc
Warning: C:\LM\SOURCE\DENVER\DENVER\DENVER.NC    7(  9):
        The '#pragma set_std_prog_id' conflicts with ID set via compile option [NCC#343]
Warning: C:\LM\SOURCE\DENVER\DENVER\COMM.H   45(  3):
        Typename 'UNVT_subscribe' not found in Device Resource Files; 'SNVT*', 'SCPT*', 'UNVT*', 'UCPT*' are reserved [NCC#389]
Warning: C:\LM\SOURCE\DENVER\DENVER\COMM.H   51(  3):
        Typename 'UNVT_parameter' not found in Device Resource Files; 'SNVT*', 'SCPT*', 'UNVT*', 'UCPT*' are reserved [NCC#389]
Warning: C:\LM\SOURCE\DENVER\DENVER\COMM.H   57(  3):
        Typename 'UNVT_CDT_command' not found in Device Resource Files; 'SNVT*', 'SCPT*', 'UNVT*', 'UCPT*' are reserved [NCC#389]
Warning: C:\LM\SOURCE\DENVER\DENVER\COMM.H   66(  3):
        Typename 'UNVT_sci_version' not found in Device Resource Files; 'SNVT*', 'SCPT*', 'UNVT*', 'UCPT*' are reserved [NCC#389]
Warning: C:\LM\SOURCE\DENVER\DENVER\COMM.H   71(  3):
        Typename 'UNVT_sci_version_request' not found in Device Resource Files; 'SNVT*', 'SCPT*', 'UNVT*', 'UCPT*' are reserved [NCC#389]
Warning: C:\LM\SOURCE\DENVER\DENVER\COMM.H   73(  6):
        Typename 'UNVT_wayside_req_enum' not found in Device Resource Files; 'SNVT*', 'SCPT*', 'UNVT*', 'UCPT*' are reserved [NCC#389]
Warning: C:\LM\SOURCE\DENVER\DENVER\COMM.H   84(  3):
        Typename 'UNVT_wayside_request' not found in Device Resource Files; 'SNVT*', 'SCPT*', 'UNVT*', 'UCPT*' are reserved [NCC#389]
Warning: C:\LM\SOURCE\DENVER\DENVER\COMM.H   89(  3):
        Typename 'UNVT_wayside_response' not found in Device Resource Files; 'SNVT*', 'SCPT*', 'UNVT*', 'UCPT*' are reserved [NCC#389]
Warning: C:\LM\SOURCE\DENVER\DENVER\DENVER.NC  372(  4):
        Return value of function was ignored [NCC#174]
Warning: C:\LM\SOURCE\DENVER\DENVER\DENVER.NC  381(  4):
        Return value of function was ignored [NCC#174]
Warning: C:\LM\SOURCE\DENVER\DENVER\DENVER.NC  522(  4):
        Array index is out of range of bounds declaration [NCC#345]
Warning: C:\LM\SOURCE\DENVER\DENVER\DENVER.NC  523(  4):
        Return value of function was ignored [NCC#174]
Warning: C:\LM\SOURCE\DENVER\DENVER\DENVER.NC  527(  4):
        Return value of function was ignored [NCC#174]
Warning: C:\LM\SOURCE\DENVER\DENVER\DENVER.NC  583( 58):
        Array index is out of range of bounds declaration [NCC#345]
Warning: C:\LM\SOURCE\DENVER\DENVER\DENVER.NC  846(  1):
        The symbol 'request' was declared but never used [NCC#310]
Warning: C:\LM\SOURCE\DENVER\DENVER\DENVER.NC  876( 45):
        Possible data loss converting long to short [NCC#212]
Warning: C:\LM\SOURCE\DENVER\DENVER\DENVER.NC  878( 13):
        Comparison is ineffective - result of comparison is a constant [NCC#248]
Warning: C:\LM\SOURCE\DENVER\DENVER\DENVER.NC  878( 13):
        Loop, branch, or 'when' condition is always TRUE [NCC#249]
Warning: C:\LM\SOURCE\DENVER\DENVER\DENVER.NC  985(  9):
        Return value of function was ignored [NCC#174]
Warning: C:\LM\SOURCE\DENVER\DENVER\DENVER.NC    1(  1):
        Not enough address table entries for optimum efficiency [NCC#24]
Warning: C:\LM\SOURCE\DENVER\DENVER\DENVER.NC 1111(  2):
        The symbol 'CheckSum' was declared but never used [NCC#310]
Warning: C:\LM\SOURCE\DENVER\DENVER\DENVER.NC 1111(  2):
        The symbol '_Checksum' was declared but never used [NCC#310]
Compiling C:\Lm\Source\Denver\Denver\Denver.nc succeeded with result code 0.
Requesting build from Neuron (R) Assembler
Assembling...
Neuron (R) Assembler: C:\Lm\Source\Denver\Denver\Release\IM\Denver.ns
Assembling C:\Lm\Source\Denver\Denver\Release\IM\Denver.ns succeeded with result code 0.
Requesting build from Neuron (R) Linker
Linking...
Neuron (R) Linker: Denver
Linking Denver::Release succeeded with result code 0.
                       LIST OF MEMORY AREAS
  * AREA *                    * ALLOCATED *         * UNUSED *
                             From  To   Len       From  To   Len
SYSTEM IMAGE ROM             0000 3FFF 4000        - RESERVED - 
OffChip NVRAM  (EECODE)      4000 55FF 1600       55BF 55FF 0041
OffChip NVRAM  (Pool)         - AVAILABLE -       5600 DFFF 8A00
OffChip RAM    (System)      E000 E2DC 02DD          - NONE -   
OffChip RAM    (DATA)         - AVAILABLE -       E2DD E2FF 0023
OffChip RAM    (Pool)         - AVAILABLE -       E300 E5FF 0300
OffChip RAMFAR               E600 E732 0133       E600 E63D 003E
OffChip RAMNEAR              E733 E7FF 00CD          - NONE -   
OnChip  RAM    (System)      E800 EF91 0792          - NONE -   
OnChip  RAM    (System)         - WASTE -         EF92 EFFF 006E
OnChip  EEPROM (Prolog)      F000 F02D 002E          - NONE -   
OnChip  EEPROM (Config)      F02E F0F5 00C8          - NONE -   
OnChip  EECODE               F0F6 F0F8 0003       F0F6 F0F8 0003
OnChip  EEPROM (MemCtl)      F0F9 F106 000E          - NONE -   
OnChip  EEPROM (Pool)         - AVAILABLE -       F107 F7F6 06F0
OnChip  EENEAR               F7F7 F7FE 0008       F7F7 F7FB 0005
OnChip  EEPROM (Epilog)      F7FF F7FF 0001          - NONE -   
End of Memory Area List
Link Memory Usage Statistics:
EEPROM Usage:  (not necessarily in order of physical layout)
               (includes application use of external NVRAM)
        System Data and Parameters          89 bytes
        Domain and Address Tables           80 bytes
        Network Variable Config Tables      94 bytes
        Onchip Data Area Fragmentation       5 bytes
        Application EEPROM Variables         3 bytes
        Library EEPROM Variables             0 bytes
        Application Code and Const Data   4750 bytes
        Library Code and Const Data        351 bytes
        Self-Identification Data           464 bytes
                                         -----
        Total EEPROM Requirement          5836 bytes
        Remaining EEPROM                 37172 bytes
RAM Usage:      (not necessarily in order of physical layout)
        System Data and Parameters         701 bytes
        Transaction Control Blocks         199 bytes
        Appl Timers and I/O Change Events   19 bytes
        Network and Application Buffers   1752 bytes
        System RAM Fragmentation           110 bytes
        Application RAM Variables          450 bytes
        Library RAM Variables                0 bytes
                                         -----
        Total RAM Requirement             3231 bytes
        Remaining RAM                      865 bytes
Successfully linked for FT 5000.
        System RAM Fragmentation (110 bytes) is specific to
                system use of external RAM.
        Memory Map (9 bytes of System EEPROM) supports extended memory.
                This amount varies by the firmware version.
        Extended Version Number (4 bytes) varies by firmware version.
        Onchip EEPROM Data Fragmentation (5 bytes) varies by Neuron model.
        System Upper EEPROM Area (1 byte) varies by firmware version.
        Priority outgoing message transaction control block uses 28 bytes of RAM.
                Of this amount, 10 bytes varies by firmware version.
        Some system RAM usage, for System Data and Transaction Blocks
                (totaling 374 bytes) varies by the Neuron model, the
                firmware version, and the number of receive
                transaction control blocks.
        Default buffer counts vary by Neuron model
                (resulting in an additional 584 bytes of RAM).
        NVRAM Signature  = 0000 @ 4000 .. 4001
End of Link Statistics
Requesting build from Neuron (R) Exporter
Exporting...
Neuron (R) Exporter: Denver
Creating 'C:\Lm\Source\Denver\Denver\Release\Denver.NXE'... Done.
Creating 'C:\Lm\Source\Denver\Denver\Release\Denver.XIF'... Done.
Creating 'C:\Lm\Source\Denver\Denver\Release\Denver.XFB'... Done.
Creating 'C:\Lm\Source\Denver\Denver\Release\Denver.APB'... Done.
Creating 'C:\Lm\Source\Denver\Denver\Release\Denver.NDL'... Done.
Creating 'C:\Lm\Source\Denver\Denver\Release\Denver.NME'... Done.
Exporting Denver succeeded with result code 0.
C:\LONWORKS\NEURONC\INCLUDE\BPLATE.NS
C:\LONWORKS\NEURONC\INCLUDE\ECHELON.H
C:\LONWORKS\NEURONC\INCLUDE\MODNVLEN.H
C:\LONWORKS\NEURONC\INCLUDE\ADDRDEFS.H
C:\LONWORKS\NEURONC\INCLUDE\ACCESS.H
C:\LONWORKS\NEURONC\INCLUDE\MSG_ADDR.H
C:\LONWORKS\NEURONC\INCLUDE\S32.H
C:\LONWORKS\NEURONC\INCLUDE\NM_STE.H
C:\LONWORKS\NEURONC\INCLUDE\CONTROL.H
C:\LONWORKS\NEURONC\INCLUDE\IO_TYPES.H
C:\LONWORKS\NEURONC\INCLUDE\NETMGMT.H
C:\LONWORKS\NEURONC\INCLUDE\NM_CKM.H
C:\LONWORKS\NEURONC\INCLUDE\NM_ERR.H
C:\LONWORKS\NEURONC\INCLUDE\NM_FM.H
C:\LONWORKS\NEURONC\INCLUDE\NM_INST.H
C:\LONWORKS\NEURONC\INCLUDE\NM_MOD.H
C:\LONWORKS\NEURONC\INCLUDE\NM_NMO.H
C:\LONWORKS\NEURONC\INCLUDE\NM_RQR.H
C:\LONWORKS\NEURONC\INCLUDE\NM_SEL.H
C:\LONWORKS\NEURONC\INCLUDE\NM_SUB.H
C:\LONWORKS\NEURONC\INCLUDE\NM_WCH.H
C:\LONWORKS\NEURONC\INCLUDE\NM_MODEL.H
C:\LONWORKS\NEURONC\INCLUDE\STATUS.H
C:\LONWORKS\NEURONC\INCLUDE\SNVT_FR.H
C:\LONWORKS\NEURONC\INCLUDE\SNVT_FS.H
C:\LM\SOURCE\DENVER\DENVER\COMM.H
C:\LM\SOURCE\DENVER\DENVER\FILE.H
C:\LM\SOURCE\DENVER\DENVER\FSYS.H
