[2017-Mar-07 00:01:13.109375] Now playing D:\Woojin\Contents\COMMUTER RAIL SCREENS FALL 2016_720P_LOW.AVI 
[2017-Mar-07 00:07:42.515625] Update event... 
[2017-Mar-07 00:07:43.515625] Loading all schedule..... 
[2017-Mar-07 00:07:43.515625] Loading Schdeule failed D:\Woojin\Contents\Advertisement\Advertisement.ini: cannot open file 
[2017-Mar-07 00:07:43.515625] Loading Outbound Schdeule failed : D:\Woojin\Contents\Advertisement\Events.ini: cannot open file 
[2017-Mar-07 00:07:43.515625] Loading Advertiser failed D:\Woojin\Contents\Dynamic\Dynamic.ini: cannot open file 
[2017-Mar-07 00:07:43.531250] Now playing D:\Woojin\Contents\COMMUTER RAIL SCREENS FALL 2016_720P_LOW.AVI 
[2017-Mar-07 00:14:12.937500] Now playing D:\Woojin\Contents\COMMUTER RAIL SCREENS FALL 2016_720P_LOW.AVI 
[2017-Mar-07 00:20:42.343750] Now playing D:\Woojin\Contents\COMMUTER RAIL SCREENS FALL 2016_720P_LOW.AVI 
[2017-Mar-07 00:27:11.750000] Now playing D:\Woojin\Contents\COMMUTER RAIL SCREENS FALL 2016_720P_LOW.AVI 
[2017-Mar-07 00:33:41.156250] Now playing D:\Woojin\Contents\COMMUTER RAIL SCREENS FALL 2016_720P_LOW.AVI 
[2017-Mar-07 00:40:10.562500] Now playing D:\Woojin\Contents\COMMUTER RAIL SCREENS FALL 2016_720P_LOW.AVI 
[2017-Mar-07 00:46:39.968750] Now playing D:\Woojin\Contents\COMMUTER RAIL SCREENS FALL 2016_720P_LOW.AVI 
[2017-Mar-07 00:53:09.375000] Now playing D:\Woojin\Contents\COMMUTER RAIL SCREENS FALL 2016_720P_LOW.AVI 
[2017-Mar-07 00:59:38.781250] Now playing D:\Woojin\Contents\COMMUTER RAIL SCREENS FALL 2016_720P_LOW.AVI 
[2017-Mar-07 01:06:08.187500] Now playing D:\Woojin\Contents\COMMUTER RAIL SCREENS FALL 2016_720P_LOW.AVI 
[2017-Mar-07 01:12:37.593750] Now playing D:\Woojin\Contents\COMMUTER RAIL SCREENS FALL 2016_720P_LOW.AVI 
[2017-Mar-07 01:19:07] Now playing D:\Woojin\Contents\COMMUTER RAIL SCREENS FALL 2016_720P_LOW.AVI 
[2017-Mar-07 01:25:36.406250] Now playing D:\Woojin\Contents\COMMUTER RAIL SCREENS FALL 2016_720P_LOW.AVI 
[2017-Mar-07 01:32:05.812500] Now playing D:\Woojin\Contents\COMMUTER RAIL SCREENS FALL 2016_720P_LOW.AVI 
[2017-Mar-07 01:38:35.218750] Now playing D:\Woojin\Contents\COMMUTER RAIL SCREENS FALL 2016_720P_LOW.AVI 
[2017-Mar-07 01:45:04.625000] Now playing D:\Woojin\Contents\COMMUTER RAIL SCREENS FALL 2016_720P_LOW.AVI 
[2017-Mar-07 01:51:34.031250] Now playing D:\Woojin\Contents\COMMUTER RAIL SCREENS FALL 2016_720P_LOW.AVI 
[2017-Mar-07 01:58:03.437500] Now playing D:\Woojin\Contents\COMMUTER RAIL SCREENS FALL 2016_720P_LOW.AVI 
