[2017-Mar-07 00:02:47.796875] Now playing D:\Woojin\Contents\COMMUTER RAIL SCREENS FALL 2016_720P_LOW.AVI 
[2017-Mar-07 00:09:17.203125] Update event... 
[2017-Mar-07 00:09:18.203125] Loading all schedule..... 
[2017-Mar-07 00:09:18.203125] Loading Schdeule failed D:\Woojin\Contents\Advertisement\Advertisement.ini: cannot open file 
[2017-Mar-07 00:09:18.203125] Loading Outbound Schdeule failed : D:\Woojin\Contents\Advertisement\Events.ini: cannot open file 
[2017-Mar-07 00:09:18.203125] Loading Advertiser failed D:\Woojin\Contents\Dynamic\Dynamic.ini: cannot open file 
[2017-Mar-07 00:09:18.218750] Now playing D:\Woojin\Contents\COMMUTER RAIL SCREENS FALL 2016_720P_LOW.AVI 
[2017-Mar-07 00:15:47.625000] Now playing D:\Woojin\Contents\COMMUTER RAIL SCREENS FALL 2016_720P_LOW.AVI 
[2017-Mar-07 00:22:17.031250] Now playing D:\Woojin\Contents\COMMUTER RAIL SCREENS FALL 2016_720P_LOW.AVI 
[2017-Mar-07 00:28:46.437500] Now playing D:\Woojin\Contents\COMMUTER RAIL SCREENS FALL 2016_720P_LOW.AVI 
[2017-Mar-07 00:35:15.843750] Now playing D:\Woojin\Contents\COMMUTER RAIL SCREENS FALL 2016_720P_LOW.AVI 
[2017-Mar-07 00:41:45.250000] Now playing D:\Woojin\Contents\COMMUTER RAIL SCREENS FALL 2016_720P_LOW.AVI 
[2017-Mar-07 00:48:14.656250] Now playing D:\Woojin\Contents\COMMUTER RAIL SCREENS FALL 2016_720P_LOW.AVI 
[2017-Mar-07 00:54:44.062500] Now playing D:\Woojin\Contents\COMMUTER RAIL SCREENS FALL 2016_720P_LOW.AVI 
[2017-Mar-07 01:01:13.468750] Now playing D:\Woojin\Contents\COMMUTER RAIL SCREENS FALL 2016_720P_LOW.AVI 
[2017-Mar-07 01:07:42.875000] Now playing D:\Woojin\Contents\COMMUTER RAIL SCREENS FALL 2016_720P_LOW.AVI 
[2017-Mar-07 01:14:12.281250] Now playing D:\Woojin\Contents\COMMUTER RAIL SCREENS FALL 2016_720P_LOW.AVI 
[2017-Mar-07 01:20:41.687500] Now playing D:\Woojin\Contents\COMMUTER RAIL SCREENS FALL 2016_720P_LOW.AVI 
[2017-Mar-07 01:27:11.093750] Now playing D:\Woojin\Contents\COMMUTER RAIL SCREENS FALL 2016_720P_LOW.AVI 
[2017-Mar-07 01:33:40.500000] Now playing D:\Woojin\Contents\COMMUTER RAIL SCREENS FALL 2016_720P_LOW.AVI 
[2017-Mar-07 01:40:09.906250] Now playing D:\Woojin\Contents\COMMUTER RAIL SCREENS FALL 2016_720P_LOW.AVI 
[2017-Mar-07 01:46:39.312500] Now playing D:\Woojin\Contents\COMMUTER RAIL SCREENS FALL 2016_720P_LOW.AVI 
[2017-Mar-07 01:53:08.718750] Now playing D:\Woojin\Contents\COMMUTER RAIL SCREENS FALL 2016_720P_LOW.AVI 
[2017-Mar-07 01:59:38.125000] Now playing D:\Woojin\Contents\COMMUTER RAIL SCREENS FALL 2016_720P_LOW.AVI 
