[2017-Mar-07 14:25:50.890625] Loading all schedule..... 
[2017-Mar-07 14:25:50.906250] Loading Schdeule failed D:\Woojin\Contents\Advertisement\Advertisement.ini: cannot open file 
[2017-Mar-07 14:25:50.906250] Loading Outbound Schdeule failed : D:\Woojin\Contents\Advertisement\Events.ini: cannot open file 
[2017-Mar-07 14:25:50.906250] Loading Advertiser failed D:\Woojin\Contents\Dynamic\Dynamic.ini: cannot open file 
[2017-Mar-07 14:25:51.312500] Now playing D:\Woojin\Contents\COMMUTER RAIL SCREENS FALL 2016_720P_LOW.AVI 
[2017-Mar-07 14:25:51.515625] Trigger point has been changed.0000 
[2017-Mar-07 14:25:51.515625] Left:0 Top:0 Right:1280 Bottom:768 
[2017-Mar-07 14:32:20.718750] Now playing D:\Woojin\Contents\COMMUTER RAIL SCREENS FALL 2016_720P_LOW.AVI 
[2017-Mar-07 14:38:50.125000] Now playing D:\Woojin\Contents\COMMUTER RAIL SCREENS FALL 2016_720P_LOW.AVI 
[2017-Mar-07 14:45:19.531250] Now playing D:\Woojin\Contents\COMMUTER RAIL SCREENS FALL 2016_720P_LOW.AVI 
[2017-Mar-07 14:51:48.937500] Now playing D:\Woojin\Contents\COMMUTER RAIL SCREENS FALL 2016_720P_LOW.AVI 
[2017-Mar-07 14:58:18.343750] Now playing D:\Woojin\Contents\COMMUTER RAIL SCREENS FALL 2016_720P_LOW.AVI 
[2017-Mar-07 15:04:47.750000] Now playing D:\Woojin\Contents\COMMUTER RAIL SCREENS FALL 2016_720P_LOW.AVI 
[2017-Mar-07 15:11:17.156250] Now playing D:\Woojin\Contents\COMMUTER RAIL SCREENS FALL 2016_720P_LOW.AVI 
[2017-Mar-07 15:17:46.562500] Now playing D:\Woojin\Contents\COMMUTER RAIL SCREENS FALL 2016_720P_LOW.AVI 
[2017-Mar-07 15:24:15.968750] Now playing D:\Woojin\Contents\COMMUTER RAIL SCREENS FALL 2016_720P_LOW.AVI 
[2017-Mar-07 15:30:45.375000] Now playing D:\Woojin\Contents\COMMUTER RAIL SCREENS FALL 2016_720P_LOW.AVI 
[2017-Mar-07 15:37:14.781250] Now playing D:\Woojin\Contents\COMMUTER RAIL SCREENS FALL 2016_720P_LOW.AVI 
[2017-Mar-07 15:43:44.187500] Now playing D:\Woojin\Contents\COMMUTER RAIL SCREENS FALL 2016_720P_LOW.AVI 
[2017-Mar-07 15:50:13.593750] Now playing D:\Woojin\Contents\COMMUTER RAIL SCREENS FALL 2016_720P_LOW.AVI 
[2017-Mar-07 15:56:43] Now playing D:\Woojin\Contents\COMMUTER RAIL SCREENS FALL 2016_720P_LOW.AVI 
[2017-Mar-07 16:03:12.406250] Now playing D:\Woojin\Contents\COMMUTER RAIL SCREENS FALL 2016_720P_LOW.AVI 
[2017-Mar-07 16:09:41.812500] Now playing D:\Woojin\Contents\COMMUTER RAIL SCREENS FALL 2016_720P_LOW.AVI 
[2017-Mar-07 16:16:11.218750] Now playing D:\Woojin\Contents\COMMUTER RAIL SCREENS FALL 2016_720P_LOW.AVI 
[2017-Mar-07 16:22:40.625000] Now playing D:\Woojin\Contents\COMMUTER RAIL SCREENS FALL 2016_720P_LOW.AVI 
[2017-Mar-07 16:29:10.031250] Now playing D:\Woojin\Contents\COMMUTER RAIL SCREENS FALL 2016_720P_LOW.AVI 
[2017-Mar-07 16:35:39.437500] Now playing D:\Woojin\Contents\COMMUTER RAIL SCREENS FALL 2016_720P_LOW.AVI 
[2017-Mar-07 16:42:08.843750] Now playing D:\Woojin\Contents\COMMUTER RAIL SCREENS FALL 2016_720P_LOW.AVI 
[2017-Mar-07 16:48:38.250000] Now playing D:\Woojin\Contents\COMMUTER RAIL SCREENS FALL 2016_720P_LOW.AVI 
