[2017-Mar-07 13:07:28.390625] Loading all schedule..... 
[2017-Mar-07 13:07:28.390625] Loading Schdeule failed D:\Woojin\Contents\Advertisement\Advertisement.ini: cannot open file 
[2017-Mar-07 13:07:28.390625] Loading Outbound Schdeule failed : D:\Woojin\Contents\Advertisement\Events.ini: cannot open file 
[2017-Mar-07 13:07:28.406250] Loading Advertiser failed D:\Woojin\Contents\Dynamic\Dynamic.ini: cannot open file 
[2017-Mar-07 13:07:28.781250] Now playing D:\Woojin\Contents\COMMUTER RAIL SCREENS FALL 2016_720P_LOW.AVI 
[2017-Mar-07 13:07:28.937500] Trigger point has been changed.0000 
[2017-Mar-07 13:07:28.937500] Left:0 Top:0 Right:1280 Bottom:768 
[2017-Mar-07 13:13:58.187500] Update event... 
[2017-Mar-07 13:13:59.187500] Loading all schedule..... 
[2017-Mar-07 13:13:59.187500] Loading Schdeule failed D:\Woojin\Contents\Advertisement\Advertisement.ini: cannot open file 
[2017-Mar-07 13:13:59.187500] Loading Outbound Schdeule failed : D:\Woojin\Contents\Advertisement\Events.ini: cannot open file 
[2017-Mar-07 13:13:59.187500] Loading Advertiser failed D:\Woojin\Contents\Dynamic\Dynamic.ini: cannot open file 
[2017-Mar-07 13:13:59.203125] Now playing D:\Woojin\Contents\COMMUTER RAIL SCREENS FALL 2016_720P_LOW.AVI 
[2017-Mar-07 13:20:28.609375] Now playing D:\Woojin\Contents\COMMUTER RAIL SCREENS FALL 2016_720P_LOW.AVI 
[2017-Mar-07 13:26:58.015625] Now playing D:\Woojin\Contents\COMMUTER RAIL SCREENS FALL 2016_720P_LOW.AVI 
[2017-Mar-07 13:33:27.421875] Now playing D:\Woojin\Contents\COMMUTER RAIL SCREENS FALL 2016_720P_LOW.AVI 
[2017-Mar-07 13:39:56.828125] Now playing D:\Woojin\Contents\COMMUTER RAIL SCREENS FALL 2016_720P_LOW.AVI 
[2017-Mar-07 13:46:26.234375] Now playing D:\Woojin\Contents\COMMUTER RAIL SCREENS FALL 2016_720P_LOW.AVI 
[2017-Mar-07 13:52:55.640625] Now playing D:\Woojin\Contents\COMMUTER RAIL SCREENS FALL 2016_720P_LOW.AVI 
[2017-Mar-07 13:59:25.046875] Now playing D:\Woojin\Contents\COMMUTER RAIL SCREENS FALL 2016_720P_LOW.AVI 
[2017-Mar-07 14:05:54.453125] Now playing D:\Woojin\Contents\COMMUTER RAIL SCREENS FALL 2016_720P_LOW.AVI 
[2017-Mar-07 14:12:23.859375] Now playing D:\Woojin\Contents\COMMUTER RAIL SCREENS FALL 2016_720P_LOW.AVI 
