[2017-Mar-07 14:25:46.609375] Loading all schedule..... 
[2017-Mar-07 14:25:46.640625] Loading Schdeule failed D:\Woojin\Contents\Advertisement\Advertisement.ini: cannot open file 
[2017-Mar-07 14:25:46.640625] Loading Outbound Schdeule failed : D:\Woojin\Contents\Advertisement\Events.ini: cannot open file 
[2017-Mar-07 14:25:46.640625] Loading Advertiser failed D:\Woojin\Contents\Dynamic\Dynamic.ini: cannot open file 
[2017-Mar-07 14:25:47.015625] Now playing D:\Woojin\Contents\COMMUTER RAIL SCREENS FALL 2016_720P_LOW.AVI 
[2017-Mar-07 14:25:47.093750] Trigger point has been changed.0000 
[2017-Mar-07 14:25:47.093750] Left:0 Top:0 Right:1280 Bottom:768 
[2017-Mar-07 14:32:16.421875] Update event... 
[2017-Mar-07 14:32:17.421875] Loading all schedule..... 
[2017-Mar-07 14:32:17.421875] Loading Schdeule failed D:\Woojin\Contents\Advertisement\Advertisement.ini: cannot open file 
[2017-Mar-07 14:32:17.421875] Loading Outbound Schdeule failed : D:\Woojin\Contents\Advertisement\Events.ini: cannot open file 
[2017-Mar-07 14:32:17.421875] Loading Advertiser failed D:\Woojin\Contents\Dynamic\Dynamic.ini: cannot open file 
[2017-Mar-07 14:32:17.437500] Now playing D:\Woojin\Contents\COMMUTER RAIL SCREENS FALL 2016_720P_LOW.AVI 
[2017-Mar-07 14:38:46.843750] Now playing D:\Woojin\Contents\COMMUTER RAIL SCREENS FALL 2016_720P_LOW.AVI 
[2017-Mar-07 14:45:16.250000] Now playing D:\Woojin\Contents\COMMUTER RAIL SCREENS FALL 2016_720P_LOW.AVI 
[2017-Mar-07 14:51:45.656250] Now playing D:\Woojin\Contents\COMMUTER RAIL SCREENS FALL 2016_720P_LOW.AVI 
[2017-Mar-07 14:58:15.062500] Now playing D:\Woojin\Contents\COMMUTER RAIL SCREENS FALL 2016_720P_LOW.AVI 
[2017-Mar-07 15:04:44.468750] Now playing D:\Woojin\Contents\COMMUTER RAIL SCREENS FALL 2016_720P_LOW.AVI 
[2017-Mar-07 15:11:13.875000] Now playing D:\Woojin\Contents\COMMUTER RAIL SCREENS FALL 2016_720P_LOW.AVI 
[2017-Mar-07 15:17:43.281250] Now playing D:\Woojin\Contents\COMMUTER RAIL SCREENS FALL 2016_720P_LOW.AVI 
[2017-Mar-07 15:24:12.687500] Now playing D:\Woojin\Contents\COMMUTER RAIL SCREENS FALL 2016_720P_LOW.AVI 
[2017-Mar-07 15:30:42.093750] Now playing D:\Woojin\Contents\COMMUTER RAIL SCREENS FALL 2016_720P_LOW.AVI 
[2017-Mar-07 15:37:11.500000] Now playing D:\Woojin\Contents\COMMUTER RAIL SCREENS FALL 2016_720P_LOW.AVI 
[2017-Mar-07 15:43:40.906250] Now playing D:\Woojin\Contents\COMMUTER RAIL SCREENS FALL 2016_720P_LOW.AVI 
[2017-Mar-07 15:50:10.312500] Now playing D:\Woojin\Contents\COMMUTER RAIL SCREENS FALL 2016_720P_LOW.AVI 
[2017-Mar-07 15:56:39.718750] Now playing D:\Woojin\Contents\COMMUTER RAIL SCREENS FALL 2016_720P_LOW.AVI 
[2017-Mar-07 16:03:09.125000] Now playing D:\Woojin\Contents\COMMUTER RAIL SCREENS FALL 2016_720P_LOW.AVI 
[2017-Mar-07 16:09:38.531250] Now playing D:\Woojin\Contents\COMMUTER RAIL SCREENS FALL 2016_720P_LOW.AVI 
[2017-Mar-07 16:16:07.937500] Now playing D:\Woojin\Contents\COMMUTER RAIL SCREENS FALL 2016_720P_LOW.AVI 
[2017-Mar-07 16:22:37.343750] Now playing D:\Woojin\Contents\COMMUTER RAIL SCREENS FALL 2016_720P_LOW.AVI 
