23:00:37.234  -----------------------------------------------------
23:00:37.234  >>> Start FTPDATA
23:00:37.234      Execute File - D:\WOOJIN\CNCS\FTPDATA.EXE
23:00:37.234  -----------------------------------------------------
Change time to 2017-03-07.
13:07:23.328  13:07:23 : ------------------------
13:07:23.328             This is GetNetworkParams
13:07:23.328             ------------------------
13:07:23.328                 Host Name: D4040
13:07:23.328                 Domain Name: D4040
13:07:23.328                 DNS Servers
13:07:23.328                     168.126.63.1
13:07:23.328                 Node Type: 
13:07:23.328                 NetBIOS Scope ID: 
13:07:23.328                 IP Routing Enabled: No
13:07:23.328                 WINS Proxy Enabled: No
13:07:23.328                 NetBIOS Resolution Uses DNS: No
13:10:13.578  -----------------------------------------------------
13:10:13.578  >>> Exit FTPDATA
13:10:13.578  -----------------------------------------------------

