01:00:29.828  -----------------------------------------------------
01:00:29.828  *** Start Launcher ***
01:00:29.843      Execute File - D:\Woojin\CNCS\LAUNCHER.EXE 
01:00:29.859  -----------------------------------------------------
01:00:29.875  Update Target File CRC Error![File : D:\WOOJIN\CNCS\UPDATE\20160119\Download\LAUNCHER.EXE.Crc]
01:00:30.015  -----------------------------------------------------
01:00:30.015  *** Exit Launcher : D:\Woojin\CNCS\LAUNCHER.EXE ***
01:00:30.046  -----------------------------------------------------
01:01:32.984  -----------------------------------------------------
01:01:32.984  *** Start Launcher ***
01:01:33.000      Execute File - D:\Woojin\CNCS\LAUNCHER.EXE 
01:01:33.015  -----------------------------------------------------
01:01:33.031  Update Target File CRC Error![File : D:\WOOJIN\CNCS\UPDATE\20160119\Download\LAUNCHER.EXE.Crc]
01:01:33.171  -----------------------------------------------------
01:01:33.171  *** Exit Launcher : D:\Woojin\CNCS\LAUNCHER.EXE ***
01:01:33.203  -----------------------------------------------------
01:02:40.765  -----------------------------------------------------
01:02:40.765  *** Start Launcher ***
01:02:40.781      Execute File - D:\Woojin\CNCS\LAUNCHER.EXE 
01:02:40.796  -----------------------------------------------------
01:02:40.812  Update Target File CRC Error![File : D:\WOOJIN\CNCS\UPDATE\20160119\Download\LAUNCHER.EXE.Crc]
01:02:40.953  -----------------------------------------------------
01:02:40.953  *** Exit Launcher : D:\Woojin\CNCS\LAUNCHER.EXE ***
01:02:40.984  -----------------------------------------------------
01:03:48.906  -----------------------------------------------------
01:03:48.906  *** Start Launcher ***
01:03:48.921      Execute File - D:\Woojin\CNCS\LAUNCHER.EXE 
01:03:48.937  -----------------------------------------------------
01:03:48.953  Update Target File CRC Error![File : D:\WOOJIN\CNCS\UPDATE\20160119\Download\LAUNCHER.EXE.Crc]
01:03:49.093  -----------------------------------------------------
01:03:49.093  *** Exit Launcher : D:\Woojin\CNCS\LAUNCHER.EXE ***
01:03:49.125  -----------------------------------------------------
01:04:57.906  -----------------------------------------------------
01:04:57.906  *** Start Launcher ***
01:04:57.921      Execute File - D:\Woojin\CNCS\LAUNCHER.EXE 
01:04:57.937  -----------------------------------------------------
01:04:57.953  Update Target File CRC Error![File : D:\WOOJIN\CNCS\UPDATE\20160119\Download\LAUNCHER.EXE.Crc]
01:04:58.093  -----------------------------------------------------
01:04:58.093  *** Exit Launcher : D:\Woojin\CNCS\LAUNCHER.EXE ***
01:04:58.125  -----------------------------------------------------
01:06:05.843  -----------------------------------------------------
01:06:05.843  *** Start Launcher ***
01:06:05.859      Execute File - D:\Woojin\CNCS\LAUNCHER.EXE 
01:06:05.875  -----------------------------------------------------
01:06:05.890  Update Target File CRC Error![File : D:\WOOJIN\CNCS\UPDATE\20160119\Download\LAUNCHER.EXE.Crc]
01:06:06.031  -----------------------------------------------------
01:06:06.031  *** Exit Launcher : D:\Woojin\CNCS\LAUNCHER.EXE ***
01:06:06.062  -----------------------------------------------------
01:07:10.796  -----------------------------------------------------
01:07:10.796  *** Start Launcher ***
01:07:10.812      Execute File - D:\Woojin\CNCS\LAUNCHER.EXE 
01:07:10.828  -----------------------------------------------------
01:07:10.843  Update Target File CRC Error![File : D:\WOOJIN\CNCS\UPDATE\20160119\Download\LAUNCHER.EXE.Crc]
01:07:10.984  -----------------------------------------------------
01:07:10.984  *** Exit Launcher : D:\Woojin\CNCS\LAUNCHER.EXE ***
01:07:11.015  -----------------------------------------------------
01:08:11.875  -----------------------------------------------------
01:08:11.875  *** Start Launcher ***
01:08:11.890      Execute File - D:\Woojin\CNCS\LAUNCHER.EXE 
01:08:11.906  -----------------------------------------------------
01:08:11.921  Update Target File CRC Error![File : D:\WOOJIN\CNCS\UPDATE\20160119\Download\LAUNCHER.EXE.Crc]
01:08:12.062  -----------------------------------------------------
01:08:12.062  *** Exit Launcher : D:\Woojin\CNCS\LAUNCHER.EXE ***
01:08:12.093  -----------------------------------------------------
01:09:21.203  -----------------------------------------------------
01:09:21.203  *** Start Launcher ***
01:09:21.218      Execute File - D:\Woojin\CNCS\LAUNCHER.EXE 
01:09:21.234  -----------------------------------------------------
01:09:21.250  Update Target File CRC Error![File : D:\WOOJIN\CNCS\UPDATE\20160119\Download\LAUNCHER.EXE.Crc]
01:09:21.390  -----------------------------------------------------
01:09:21.390  *** Exit Launcher : D:\Woojin\CNCS\LAUNCHER.EXE ***
01:09:21.421  -----------------------------------------------------
01:10:30.843  -----------------------------------------------------
01:10:30.843  *** Start Launcher ***
01:10:30.859      Execute File - D:\Woojin\CNCS\LAUNCHER.EXE 
01:10:30.875  -----------------------------------------------------
01:10:30.890  Update Target File CRC Error![File : D:\WOOJIN\CNCS\UPDATE\20160119\Download\LAUNCHER.EXE.Crc]
01:10:31.031  -----------------------------------------------------
01:10:31.031  *** Exit Launcher : D:\Woojin\CNCS\LAUNCHER.EXE ***
01:10:31.062  -----------------------------------------------------
12:14:51.218  -----------------------------------------------------
12:14:51.218  *** Start Launcher ***
12:14:51.234      Execute File - D:\Woojin\CNCS\LAUNCHER.EXE 
12:14:51.250  -----------------------------------------------------
12:14:51.265  Update Target File CRC Error![File : D:\WOOJIN\CNCS\UPDATE\20160119\Download\LAUNCHER.EXE.Crc]
12:14:51.406  -----------------------------------------------------
12:14:51.406  *** Exit Launcher : D:\Woojin\CNCS\LAUNCHER.EXE ***
12:14:51.437  -----------------------------------------------------
