Release 12.3 Map M.70d (nt)
Xilinx Mapping Report File for Design 'main'

Design Information
------------------
Command Line   : map -intstyle ise -p xc3s200-vq100-5 -cm area -ir off -pr off
-c 100 -o main_map.ncd main.ngd main.pcf 
Target Device  : xc3s200
Target Package : vq100
Target Speed   : -5
Mapper Version : spartan3 -- $Revision: 1.52 $
Mapped Date    : Fri May 04 10:58:15 2012

Design Summary
--------------
Number of errors:      0
Number of warnings:   17
Logic Utilization:
  Total Number Slice Registers:          11 out of   3,840    1%
    Number used as Flip Flops:            4
    Number used as Latches:               7
  Number of 4 input LUTs:                52 out of   3,840    1%
Logic Distribution:
  Number of occupied Slices:             38 out of   1,920    1%
    Number of Slices containing only related logic:      38 out of      38 100%
    Number of Slices containing unrelated logic:          0 out of      38   0%
      *See NOTES below for an explanation of the effects of unrelated logic.
  Total Number of 4 input LUTs:          52 out of   3,840    1%
    Number used as logic:                51
    Number used as Shift registers:       1

  The Slice Logic Distribution report is not meaningful if the design is
  over-mapped for a non-slice resource or if Placement fails.

  Number of bonded IOBs:                 55 out of      63   87%
    IOB Flip Flops:                       1
    IOB Latches:                          4
  Number of RAMB16s:                      1 out of      12    8%
  Number of BUFGMUXs:                     1 out of       8   12%

Average Fanout of Non-Clock Nets:                2.88

Peak Memory Usage:  131 MB
Total REAL time to MAP completion:  0 secs 
Total CPU time to MAP completion:   0 secs 

NOTES:

   Related logic is defined as being logic that shares connectivity - e.g. two
   LUTs are "related" if they share common inputs.  When assembling slices,
   Map gives priority to combine logic that is related.  Doing so results in
   the best timing performance.

   Unrelated logic shares no connectivity.  Map will only begin packing
   unrelated logic into a slice once 99% of the slices are occupied through
   related logic packing.

   Note that once logic distribution reaches the 99% level through related
   logic packing, this does not mean the device is completely utilized.
   Unrelated logic packing will then begin, continuing until all usable LUTs
   and FFs are occupied.  Depending on your timing budget, increased levels of
   unrelated logic packing may adversely affect the overall timing performance
   of your design.

Table of Contents
-----------------
Section 1 - Errors
Section 2 - Warnings
Section 3 - Informational
Section 4 - Removed Logic Summary
Section 5 - Removed Logic
Section 6 - IOB Properties
Section 7 - RPMs
Section 8 - Guide Report
Section 9 - Area Group and Partition Summary
Section 10 - Timing Report
Section 11 - Configuration String Information
Section 12 - Control Set Information
Section 13 - Utilization by Hierarchy

Section 1 - Errors
------------------

Section 2 - Warnings
--------------------
WARNING:Security:42 - Your software subscription period has lapsed. Your current
version of Xilinx tools will continue to function, but you no longer qualify for
Xilinx software updates or new releases.
WARNING:PhysDesignRules:372 - Gated clock. Clock net LED_CS_not0001 is sourced
   by a combinatorial pin. This is not good design practice. Use the CE pin to
   control the loading of data into the flip-flop.
WARNING:PhysDesignRules:372 - Gated clock. Clock net DI_CS_not0001 is sourced by
   a combinatorial pin. This is not good design practice. Use the CE pin to
   control the loading of data into the flip-flop.
WARNING:PhysDesignRules:372 - Gated clock. Clock net NVSRAM_CS_BUF_not0001 is
   sourced by a combinatorial pin. This is not good design practice. Use the CE
   pin to control the loading of data into the flip-flop.
WARNING:PhysDesignRules:372 - Gated clock. Clock net XL16L784_CS_BUF_not0001 is
   sourced by a combinatorial pin. This is not good design practice. Use the CE
   pin to control the loading of data into the flip-flop.
WARNING:PhysDesignRules:372 - Gated clock. Clock net W5100_CS_BUF_not0001 is
   sourced by a combinatorial pin. This is not good design practice. Use the CE
   pin to control the loading of data into the flip-flop.
WARNING:PhysDesignRules:372 - Gated clock. Clock net FROM_CS_BUF_not0001 is
   sourced by a combinatorial pin. This is not good design practice. Use the CE
   pin to control the loading of data into the flip-flop.
WARNING:PhysDesignRules:372 - Gated clock. Clock net LONWK_INT_CS_not0001 is
   sourced by a combinatorial pin. This is not good design practice. Use the CE
   pin to control the loading of data into the flip-flop.
WARNING:PhysDesignRules:372 - Gated clock. Clock net VERSION_CS_not0001 is
   sourced by a combinatorial pin. This is not good design practice. Use the CE
   pin to control the loading of data into the flip-flop.
WARNING:PhysDesignRules:372 - Gated clock. Clock net INT_READ_CS_not0001 is
   sourced by a combinatorial pin. This is not good design practice. Use the CE
   pin to control the loading of data into the flip-flop.
WARNING:PhysDesignRules:372 - Gated clock. Clock net DPRAM_OUT_CS_not0001 is
   sourced by a combinatorial pin. This is not good design practice. Use the CE
   pin to control the loading of data into the flip-flop.
WARNING:PhysDesignRules:372 - Gated clock. Clock net WDI_CS_not0001 is sourced
   by a combinatorial pin. This is not good design practice. Use the CE pin to
   control the loading of data into the flip-flop.
WARNING:PhysDesignRules:368 - The signal <EDGE_MODE_OBUF> is incomplete. The
   signal is not driven by any source pin in the design.
WARNING:PhysDesignRules:368 - The signal <ERR_LED_OBUF> is incomplete. The
   signal is not driven by any source pin in the design.
WARNING:PhysDesignRules:368 - The signal <RUN_LED_OBUF> is incomplete. The
   signal is not driven by any source pin in the design.
WARNING:PhysDesignRules:367 - The signal <SPI_CLK_IBUF> is incomplete. The
   signal does not drive any load pins in the design.
WARNING:PhysDesignRules:367 - The signal <SPI_DIN_IBUF> is incomplete. The
   signal does not drive any load pins in the design.
WARNING:PhysDesignRules:367 - The signal <SPI_SS_IBUF> is incomplete. The signal
   does not drive any load pins in the design.

Section 3 - Informational
-------------------------
INFO:Security:54 - 'xc3s200' is a WebPack part.
INFO:LIT:243 - Logical network SPI_SS_IBUF has no load.
INFO:LIT:395 - The above info message is repeated 2 more times for the following
   (max. 5 shown):
   SPI_CLK_IBUF,
   SPI_DIN_IBUF
   To see the details of these info messages, please use the -detail switch.
INFO:MapLib:562 - No environment variables are currently set.
INFO:LIT:244 - All of the single ended outputs in this design are using slew
   rate limited output drivers. The delay on speed critical single ended outputs
   can be dramatically reduced by designating them as fast outputs.

Section 4 - Removed Logic Summary
---------------------------------
   5 block(s) optimized away

Section 5 - Removed Logic
-------------------------

Optimized Block(s):
TYPE 		BLOCK
GND 		DPRAM_DSP_2_LON/XST_GND
VCC 		DPRAM_DSP_2_LON/XST_VCC
GND 		XST_GND
VCC 		XST_VCC

To enable printing of redundant blocks removed and signals merged, set the
detailed map report option and rerun map.

Section 6 - IOB Properties
--------------------------

+---------------------------------------------------------------------------------------------------------------------------------------------------------+
| IOB Name                           | Type             | Direction | IO Standard          | Diff  | Drive    | Slew | Reg (s)      | Resistor | IOB      |
|                                    |                  |           |                      | Term  | Strength | Rate |              |          | Delay    |
+---------------------------------------------------------------------------------------------------------------------------------------------------------+
| AH<20>                             | IOB              | INPUT     | LVCMOS25             |       |          |      |              |          |          |
| AH<21>                             | IOB              | INPUT     | LVCMOS25             |       |          |      |              |          |          |
| AH<22>                             | IOB              | INPUT     | LVCMOS25             |       |          |      |              |          |          |
| AH<23>                             | IOB              | INPUT     | LVCMOS25             |       |          |      |              |          |          |
| AL<0>                              | IOB              | INPUT     | LVCMOS25             |       |          |      |              |          |          |
| AL<1>                              | IOB              | INPUT     | LVCMOS25             |       |          |      |              |          |          |
| AL<2>                              | IOB              | INPUT     | LVCMOS25             |       |          |      |              |          |          |
| AL<3>                              | IOB              | INPUT     | LVCMOS25             |       |          |      |              |          |          |
| AL<4>                              | IOB              | INPUT     | LVCMOS25             |       |          |      |              |          |          |
| AL<5>                              | IOB              | INPUT     | LVCMOS25             |       |          |      |              |          |          |
| AL<6>                              | IOB              | INPUT     | LVCMOS25             |       |          |      |              |          |          |
| AL<7>                              | IOB              | INPUT     | LVCMOS25             |       |          |      |              |          |          |
| AL<8>                              | IOB              | INPUT     | LVCMOS25             |       |          |      |              |          |          |
| AL<9>                              | IOB              | INPUT     | LVCMOS25             |       |          |      |              |          |          |
| AL<10>                             | IOB              | INPUT     | LVCMOS25             |       |          |      |              |          |          |
| D<0>                               | IOB              | BIDIR     | LVCMOS25             |       | 12       | SLOW | INFF1        |          | IFD      |
| D<1>                               | IOB              | BIDIR     | LVCMOS25             |       | 12       | SLOW |              |          |          |
| D<2>                               | IOB              | BIDIR     | LVCMOS25             |       | 12       | SLOW |              |          |          |
| D<3>                               | IOB              | BIDIR     | LVCMOS25             |       | 12       | SLOW |              |          |          |
| D<4>                               | IOB              | BIDIR     | LVCMOS25             |       | 12       | SLOW |              |          |          |
| D<5>                               | IOB              | BIDIR     | LVCMOS25             |       | 12       | SLOW |              |          |          |
| D<6>                               | IOB              | BIDIR     | LVCMOS25             |       | 12       | SLOW |              |          |          |
| D<7>                               | IOB              | BIDIR     | LVCMOS25             |       | 12       | SLOW |              |          |          |
| DIMA                               | IOB              | INPUT     | LVCMOS25             |       |          |      |              |          |          |
| DIMB                               | IOB              | INPUT     | LVCMOS25             |       |          |      |              |          |          |
| DSP_RST                            | IOB              | OUTPUT    | LVCMOS25             |       | 12       | SLOW |              |          |          |
| EDGE_MODE                          | IOB              | OUTPUT    | LVCMOS25             |       | 12       | SLOW |              |          |          |
| ERR_LED                            | IOB              | OUTPUT    | LVCMOS25             |       | 12       | SLOW |              |          |          |
| FPGA_RTS_INIT                      | IOB              | OUTPUT    | LVCMOS25             |       | 12       | SLOW |              |          |          |
| FROM_CS                            | IOB              | OUTPUT    | LVCMOS25             |       | 12       | SLOW | OLATCH1      |          |          |
| H3                                 | IOB              | INPUT     | LVCMOS25             |       |          |      |              |          |          |
| INT1                               | IOB              | OUTPUT    | LVCMOS25             |       | 12       | SLOW |              |          |          |
| INT2                               | IOB              | OUTPUT    | LVCMOS25             |       | 12       | SLOW |              |          |          |
| INT3                               | IOB              | OUTPUT    | LVCMOS25             |       | 12       | SLOW |              |          |          |
| LON_INT                            | IOB              | OUTPUT    | LVCMOS25             |       | 12       | SLOW |              |          |          |
| LON_IRQ                            | IOB              | INPUT     | LVCMOS25             |       |          |      |              |          |          |
| LRST                               | IOB              | OUTPUT    | LVCMOS25             |       | 12       | SLOW |              |          |          |
| N1SERVICE_IN                       | IOB              | INPUT     | LVCMOS25             |       |          |      |              |          |          |
| N1SERVICE_OUT                      | IOB              | OUTPUT    | LVCMOS25             |       | 12       | SLOW |              |          |          |
| NVSRAM_CS                          | IOB              | OUTPUT    | LVCMOS25             |       | 12       | SLOW | OLATCH1      |          |          |
| RD                                 | IOB              | OUTPUT    | LVCMOS25             |       | 12       | SLOW |              |          |          |
| ROM_SERIAL_SW                      | IOB              | INPUT     | LVCMOS25             |       |          |      |              |          |          |
| RUN_LED                            | IOB              | OUTPUT    | LVCMOS25             |       | 12       | SLOW |              |          |          |
| RW                                 | IOB              | INPUT     | LVCMOS25             |       |          |      |              |          |          |
| SPI_CLK                            | IOB              | INPUT     | LVCMOS25             |       |          |      |              |          |          |
| SPI_DIN                            | IOB              | INPUT     | LVCMOS25             |       |          |      |              |          |          |
| SPI_DOUT                           | IOB              | OUTPUT    | LVCMOS25             |       | 12       | SLOW |              |          |          |
| SPI_SS                             | IOB              | INPUT     | LVCMOS25             |       |          |      |              |          |          |
| STRB                               | IOB              | INPUT     | LVCMOS25             |       |          |      |              |          |          |
| W5100_CS                           | IOB              | OUTPUT    | LVCMOS25             |       | 12       | SLOW | OLATCH1      |          |          |
| W5100_INT                          | IOB              | INPUT     | LVCMOS25             |       |          |      |              |          |          |
| WDI                                | IOB              | OUTPUT    | LVCMOS25             |       | 12       | SLOW |              |          |          |
| WR                                 | IOB              | OUTPUT    | LVCMOS25             |       | 12       | SLOW |              |          |          |
| XL16L784_CS                        | IOB              | OUTPUT    | LVCMOS25             |       | 12       | SLOW | OLATCH1      |          |          |
| XL16L784_INT                       | IOB              | INPUT     | LVCMOS25             |       |          |      |              |          |          |
+---------------------------------------------------------------------------------------------------------------------------------------------------------+

Section 7 - RPMs
----------------

Section 8 - Guide Report
------------------------
Guide not run on this design.

Section 9 - Area Group and Partition Summary
--------------------------------------------

Partition Implementation Status
-------------------------------

  No Partitions were found in this design.

-------------------------------

Area Group Information
----------------------

  No area groups were found in this design.

----------------------

Section 10 - Timing Report
--------------------------
This design was not run using timing mode.

Section 11 - Configuration String Details
-----------------------------------------
Use the "-detail" map option to print out Configuration Strings

Section 12 - Control Set Information
------------------------------------
No control set information for this architecture.

Section 13 - Utilization by Hierarchy
-------------------------------------
Use the "-detail" map option to print out the Utilization by Hierarchy section.
