Build log E:\Document\Product_Transfer\LonDeviceDevelopTool\DATA Program\Lon\SI_Base\3120CONTROL_SI\3120CONTROL_SI Output\3120CONTROL_SI.log
Created Monday, January 22, 2007, at 11:40:00

Compiling...
Warning: E:\DOCUMENT\PRODUCT_TRANSFER\LONDEVICEDEVELOPTOOL\DATA PROGRAM\LON\SI_BASE\3120CONTROL_SI\3120CONTROL_SI.NC   71(  1):
        Type defaults to 'int' [NCC#147]
Warning: E:\DOCUMENT\PRODUCT_TRANSFER\LONDEVICEDEVELOPTOOL\DATA PROGRAM\LON\SI_BASE\3120CONTROL_SI\3120CONTROL_SI.NC  121(  1):
        The symbol 'temp' was declared but never used [NCC#310]
Warning: E:\DOCUMENT\PRODUCT_TRANSFER\LONDEVICEDEVELOPTOOL\DATA PROGRAM\LON\SI_BASE\3120CONTROL_SI\3120CONTROL_SI.NC  341( 39):
        Possible data loss converting long to short [NCC#212]
Warning: E:\DOCUMENT\PRODUCT_TRANSFER\LONDEVICEDEVELOPTOOL\DATA PROGRAM\LON\SI_BASE\3120CONTROL_SI\3120CONTROL_SI.NC  346( 39):
        Possible data loss converting long to short [NCC#212]
Warning: E:\DOCUMENT\PRODUCT_TRANSFER\LONDEVICEDEVELOPTOOL\DATA PROGRAM\LON\SI_BASE\3120CONTROL_SI\3120CONTROL_SI.NC  445( 60):
        Use of possibly uninitialized variable [NCC#274]
Warning: E:\DOCUMENT\PRODUCT_TRANSFER\LONDEVICEDEVELOPTOOL\DATA PROGRAM\LON\SI_BASE\3120CONTROL_SI\3120CONTROL_SI.NC  487(  1):
        The symbol 'len' was declared but never used [NCC#310]
Warning: E:\DOCUMENT\PRODUCT_TRANSFER\LONDEVICEDEVELOPTOOL\DATA PROGRAM\LON\SI_BASE\3120CONTROL_SI\3120CONTROL_SI.NC  487(  1):
        The symbol 'nodeId' was declared but never used [NCC#310]
Warning: E:\DOCUMENT\PRODUCT_TRANSFER\LONDEVICEDEVELOPTOOL\DATA PROGRAM\LON\SI_BASE\3120CONTROL_SI\3120CONTROL_SI.NC  494(  5):
        Return value of function was ignored [NCC#174]
Warning: E:\DOCUMENT\PRODUCT_TRANSFER\LONDEVICEDEVELOPTOOL\DATA PROGRAM\LON\SI_BASE\3120CONTROL_SI\3120CONTROL_SI.NC  518(  5):
        Return value of function was ignored [NCC#174]
Warning: E:\DOCUMENT\PRODUCT_TRANSFER\LONDEVICEDEVELOPTOOL\DATA PROGRAM\LON\SI_BASE\3120CONTROL_SI\3120CONTROL_SI.NC  567(  1):
        The symbol 'comm_data' was declared but never used [NCC#310]
Warning: E:\DOCUMENT\PRODUCT_TRANSFER\LONDEVICEDEVELOPTOOL\DATA PROGRAM\LON\SI_BASE\3120CONTROL_SI\3120CONTROL_SI.NC  567(  1):
        The symbol 'temp' was declared but never used [NCC#310]
Assembling...
Linking...
                       LIST OF MEMORY AREAS
  * AREA *                    * ALLOCATED *         * UNUSED *
                             From  To   Len       From  To   Len
SYSTEM IMAGE ROM             0000 5FFF 6000        - RESERVED - 
OnChip  EEPROM (Pool)         - AVAILABLE -       8000 83FF 0400
OnChip  RAM    (System)      E800 EE6A 066B          - NONE -   
OnChip  RAM    (Pool)         - AVAILABLE -       EE6B EF7C 0112
OnChip  RAMNEAR              EF7D EFFF 0083          - NONE -   
OnChip  EEPROM (Prolog)      F000 F028 0029          - NONE -   
OnChip  EEPROM (Config)      F029 F0F7 00CF          - NONE -   
OnChip  EECODE               F0F8 F730 0639       F726 F730 000B
OnChip  EEPROM (MemCtl)      F731 F737 0007          - NONE -   
OnChip  EEPROM (Pool)         - AVAILABLE -       F738 FBD7 04A0
OnChip  EEFAR                FBD8 FBE6 000F       FBD8 FBE6 000F
OnChip  EENEAR               FBE7 FBE7 0001          - NONE -   
OnChip  EEPROM (Epilog)      FBE8 FBFF 0018          - NONE -   
End of Memory Area List
Link Memory Usage Statistics:
EEPROM Usage:  (not necessarily in order of physical layout)
        System Data and Parameters         110 bytes
        Domain and Address Tables          105 bytes
        Network Variable Config Tables      64 bytes
        Onchip Data Area Fragmentation       8 bytes
        Application EEPROM Variables         1 byte
        Library EEPROM Variables             0 bytes
        Application Code and Const Data   1526 bytes
        Library Code and Const Data         33 bytes
        Self-Identification Data            23 bytes
                                         -----
        Total EEPROM Requirement          1870 bytes
        Remaining EEPROM                  2226 bytes
RAM Usage:      (not necessarily in order of physical layout)
        System Data and Parameters         688 bytes
        Transaction Control Blocks         160 bytes
        Appl Timers and I/O Change Events    3 bytes
        Network and Application Buffers    792 bytes
        Application RAM Variables          131 bytes
        Library RAM Variables                0 bytes
                                         -----
        Total RAM Requirement             1774 bytes
        Remaining RAM                      274 bytes
Successfully linked for PL 3120-E4.
        Memory Map (2 bytes of System EEPROM) supports extended memory.
                This amount varies by the firmware version.
        Extended Version Number (4 bytes) varies by firmware version.
        Onchip EEPROM Data Fragmentation (8 bytes) varies by Neuron model.
        System Upper EEPROM Area (24 bytes) varies by firmware version.
        Priority outgoing message transaction control block uses 28 bytes of RAM.
                Of this amount, 10 bytes varies by firmware version.
        Some system RAM usage, for System Data and Transaction Blocks
                (totaling 322 bytes) varies by the Neuron model, the
                firmware version, and the number of receive
                transaction control blocks.
        Default buffer counts vary by Neuron model
                (resulting in an additional 264 bytes of RAM).
End of Link Statistics
Exporting...
Creating 'E:\Document\Product_Transfer\LonDeviceDevelopTool\DATA Program\Lon\SI_Base\3120CONTROL_SI\3120CONTROL_SI Output\3120CONTROL_SI.NXE'... Done.
Creating 'E:\Document\Product_Transfer\LonDeviceDevelopTool\DATA Program\Lon\SI_Base\3120CONTROL_SI\3120CONTROL_SI Output\3120CONTROL_SI.XIF'... Done.
Creating 'E:\Document\Product_Transfer\LonDeviceDevelopTool\DATA Program\Lon\SI_Base\3120CONTROL_SI\3120CONTROL_SI Output\3120CONTROL_SI.XFB'... Done.
Creating 'E:\Document\Product_Transfer\LonDeviceDevelopTool\DATA Program\Lon\SI_Base\3120CONTROL_SI\3120CONTROL_SI Output\3120CONTROL_SI.APB'... Done.
Creating 'E:\Document\Product_Transfer\LonDeviceDevelopTool\DATA Program\Lon\SI_Base\3120CONTROL_SI\3120CONTROL_SI Output\3120CONTROL_SI.NEI'... Done.
Creating 'E:\Document\Product_Transfer\LonDeviceDevelopTool\DATA Program\Lon\SI_Base\3120CONTROL_SI\3120CONTROL_SI Output\3120CONTROL_SI.NDL'... Done.
Creating 'E:\Document\Product_Transfer\LonDeviceDevelopTool\DATA Program\Lon\SI_Base\3120CONTROL_SI\3120CONTROL_SI Output\3120CONTROL_SI.NFI'... Done.

