Build log E:\Document\Product_Transfer\LonDeviceDevelopTool\DATA Program\Lon\SI_Base\3150TOA_SI\3150TOAVR_SI Output\3150TOAVR_SI.log
Created Monday, January 22, 2007, at 11:42:58

Compiling...
Warning: E:\DOCUMENT\PRODUCT_TRANSFER\LONDEVICEDEVELOPTOOL\DATA PROGRAM\LON\SI_BASE\3150TOA_SI\3150TOAVR_SI.NC   52(  1):
        Type defaults to 'int' [NCC#147]
Warning: E:\DOCUMENT\PRODUCT_TRANSFER\LONDEVICEDEVELOPTOOL\DATA PROGRAM\LON\SI_BASE\3150TOA_SI\3150TOAVR_SI.NC  152( 23):
        Array index is out of range of bounds declaration [NCC#345]
Warning: E:\DOCUMENT\PRODUCT_TRANSFER\LONDEVICEDEVELOPTOOL\DATA PROGRAM\LON\SI_BASE\3150TOA_SI\3150TOAVR_SI.NC  164( 53):
        Possible data loss converting long to short [NCC#212]
Warning: E:\DOCUMENT\PRODUCT_TRANSFER\LONDEVICEDEVELOPTOOL\DATA PROGRAM\LON\SI_BASE\3150TOA_SI\3150TOAVR_SI.NC  165( 23):
        Array index is out of range of bounds declaration [NCC#345]
Warning: E:\DOCUMENT\PRODUCT_TRANSFER\LONDEVICEDEVELOPTOOL\DATA PROGRAM\LON\SI_BASE\3150TOA_SI\3150TOAVR_SI.NC  180( 18):
        Possible data loss converting long to short [NCC#212]
Warning: E:\DOCUMENT\PRODUCT_TRANSFER\LONDEVICEDEVELOPTOOL\DATA PROGRAM\LON\SI_BASE\3150TOA_SI\3150TOAVR_SI.NC  182( 18):
        Possible data loss converting long to short [NCC#212]
Warning: E:\DOCUMENT\PRODUCT_TRANSFER\LONDEVICEDEVELOPTOOL\DATA PROGRAM\LON\SI_BASE\3150TOA_SI\3150TOAVR_SI.NC  184(  5):
        Array index is out of range of bounds declaration [NCC#345]
Warning: E:\DOCUMENT\PRODUCT_TRANSFER\LONDEVICEDEVELOPTOOL\DATA PROGRAM\LON\SI_BASE\3150TOA_SI\3150TOAVR_SI.NC  196(  5):
        Return value of function was ignored [NCC#174]
Warning: E:\DOCUMENT\PRODUCT_TRANSFER\LONDEVICEDEVELOPTOOL\DATA PROGRAM\LON\SI_BASE\3150TOA_SI\3150TOAVR_SI.NC  410(  1):
        The symbol 'len' was declared but never used [NCC#310]
Warning: E:\DOCUMENT\PRODUCT_TRANSFER\LONDEVICEDEVELOPTOOL\DATA PROGRAM\LON\SI_BASE\3150TOA_SI\3150TOAVR_SI.NC  410(  1):
        The symbol 'nodeId' was declared but never used [NCC#310]
Warning: E:\DOCUMENT\PRODUCT_TRANSFER\LONDEVICEDEVELOPTOOL\DATA PROGRAM\LON\SI_BASE\3150TOA_SI\3150TOAVR_SI.NC  426(  5):
        Return value of function was ignored [NCC#174]
Warning: E:\DOCUMENT\PRODUCT_TRANSFER\LONDEVICEDEVELOPTOOL\DATA PROGRAM\LON\SI_BASE\3150TOA_SI\3150TOAVR_SI.NC  442(  1):
        The symbol 'domain_clear' was declared but never used [NCC#310]
Assembling...
Linking...
                       LIST OF MEMORY AREAS
  * AREA *                    * ALLOCATED *         * UNUSED *
                             From  To   Len       From  To   Len
SYSTEM IMAGE FLASH           0000 3FFF 4000        - RESERVED - 
OffChip FLASH  (EECODE)      4000 46FF 0700       4607 46FF 00F9
OffChip FLASH  (Pool)         - AVAILABLE -       4700 DFFF 9900
OnChip  RAM    (System)      E800 EA6D 026E          - NONE -   
OnChip  RAMFAR               EA6E EAAD 0040       EA6E EAAD 0040
OnChip  RAM    (System)      EAAE ED39 028C          - NONE -   
OnChip  RAMFAR               ED3A EE2B 00F2          - NONE -   
OnChip  RAM    (Pool)         - AVAILABLE -       EE2C EFE0 01B5
OnChip  RAMNEAR              EFE1 EFFF 001F          - NONE -   
OnChip  EEPROM (Prolog)      F000 F028 0029          - NONE -   
OnChip  EEPROM (Config)      F029 F0F7 00CF          - NONE -   
OnChip  EECODE               F0F8 F11E 0027          - NONE -   
OnChip  EEPROM (MemCtl)      F11F F131 0013          - NONE -   
OnChip  EEPROM (Pool)         - AVAILABLE -       F132 F1E7 00B6
OnChip  EEFAR                F1E8 F1EE 0007       F1E8 F1EE 0007
OnChip  EENEAR               F1EF F1EF 0001          - NONE -   
OnChip  EEPROM (Epilog)      F1F0 F1FF 0010          - NONE -   
End of Memory Area List
Link Memory Usage Statistics:
EEPROM Usage:  (not necessarily in order of physical layout)
               (includes application use of external Flash memory)
        Reserved for System Firmware     16128 bytes
        System Data and Parameters         120 bytes
        Domain and Address Tables          105 bytes
        Network Variable Config Tables      61 bytes
        Application EEPROM Variables         1 byte
        Library EEPROM Variables             0 bytes
        Application Code and Const Data   1247 bytes
        Library Code and Const Data        311 bytes
        Self-Identification Data            21 bytes
                                         -----
        Total EEPROM Requirement         17994 bytes
        Remaining EEPROM                 39606 bytes
RAM Usage:      (not necessarily in order of physical layout)
        System Data and Parameters         634 bytes
        Transaction Control Blocks         160 bytes
        Appl Timers and I/O Change Events    0 bytes
        Network and Application Buffers    480 bytes
        Flash Memory System RAM Buffer     128 bytes
        ISR RAM Buffer                     105 bytes
        Application RAM Variables           31 bytes
        Library RAM Variables                9 bytes
                                         -----
        Total RAM Requirement             1547 bytes
        Remaining RAM                      501 bytes
Successfully linked for PL 3150.
        Memory Map (14 bytes of System EEPROM) supports extended memory.
                This amount varies by the firmware version.
        Extended Version Number (4 bytes) varies by firmware version.
        System Upper EEPROM Area (16 bytes) varies by firmware version.
        Priority outgoing message transaction control block uses 28 bytes of RAM.
                Of this amount, 10 bytes varies by firmware version.
        Some system RAM usage, for System Data and Transaction Blocks
                (totaling 268 bytes) varies by the Neuron model, the
                firmware version, and the number of receive
                transaction control blocks.
        Flash support requires an additional 128 bytes of RAM.
        Due to code in flash or EEPROM memory,
                SCI or SPI I/O model ISR requires a buffer of 105 bytes of RAM.
        Default buffer counts vary by Neuron model
                (resulting in an additional 124 bytes of RAM).
        FLASH Signature  = 2C:2FAF @ 4000 .. 4002
End of Link Statistics
Exporting...
Creating 'E:\Document\Product_Transfer\LonDeviceDevelopTool\DATA Program\Lon\SI_Base\3150TOA_SI\3150TOAVR_SI Output\3150TOAVR_SI.NXE'... Done.
Creating 'E:\Document\Product_Transfer\LonDeviceDevelopTool\DATA Program\Lon\SI_Base\3150TOA_SI\3150TOAVR_SI Output\3150TOAVR_SI.XIF'... Done.
Creating 'E:\Document\Product_Transfer\LonDeviceDevelopTool\DATA Program\Lon\SI_Base\3150TOA_SI\3150TOAVR_SI Output\3150TOAVR_SI.XFB'... Done.
Creating 'E:\Document\Product_Transfer\LonDeviceDevelopTool\DATA Program\Lon\SI_Base\3150TOA_SI\3150TOAVR_SI Output\3150TOAVR_SI.APB'... Done.
Creating 'E:\Document\Product_Transfer\LonDeviceDevelopTool\DATA Program\Lon\SI_Base\3150TOA_SI\3150TOAVR_SI Output\3150TOAVR_SI.NEI'... Done.
Creating 'E:\Document\Product_Transfer\LonDeviceDevelopTool\DATA Program\Lon\SI_Base\3150TOA_SI\3150TOAVR_SI Output\3150TOAVR_SI.NDL'... Done.

