Build log E:\Document\Product_Transfer\LonDeviceDevelopTool\DATA Program\Lon\3150TOAVR\3150TOAVR Output\3150TOAVR.log
Created Monday, January 22, 2007, at 11:25:13

Compiling...
Warning: E:\DOCUMENT\PRODUCT_TRANSFER\LONDEVICEDEVELOPTOOL\DATA PROGRAM\LON\3150TOAVR\3150TOAVR.NC  134( 23):
        Array index is out of range of bounds declaration [NCC#345]
Warning: E:\DOCUMENT\PRODUCT_TRANSFER\LONDEVICEDEVELOPTOOL\DATA PROGRAM\LON\3150TOAVR\3150TOAVR.NC  144( 53):
        Possible data loss converting long to short [NCC#212]
Warning: E:\DOCUMENT\PRODUCT_TRANSFER\LONDEVICEDEVELOPTOOL\DATA PROGRAM\LON\3150TOAVR\3150TOAVR.NC  145( 23):
        Array index is out of range of bounds declaration [NCC#345]
Warning: E:\DOCUMENT\PRODUCT_TRANSFER\LONDEVICEDEVELOPTOOL\DATA PROGRAM\LON\3150TOAVR\3150TOAVR.NC  158( 18):
        Possible data loss converting long to short [NCC#212]
Warning: E:\DOCUMENT\PRODUCT_TRANSFER\LONDEVICEDEVELOPTOOL\DATA PROGRAM\LON\3150TOAVR\3150TOAVR.NC  160( 18):
        Possible data loss converting long to short [NCC#212]
Warning: E:\DOCUMENT\PRODUCT_TRANSFER\LONDEVICEDEVELOPTOOL\DATA PROGRAM\LON\3150TOAVR\3150TOAVR.NC  162(  5):
        Array index is out of range of bounds declaration [NCC#345]
Warning: E:\DOCUMENT\PRODUCT_TRANSFER\LONDEVICEDEVELOPTOOL\DATA PROGRAM\LON\3150TOAVR\3150TOAVR.NC  173(  5):
        Return value of function was ignored [NCC#174]
Warning: E:\DOCUMENT\PRODUCT_TRANSFER\LONDEVICEDEVELOPTOOL\DATA PROGRAM\LON\3150TOAVR\3150TOAVR.NC  184(  5):
        Return value of function was ignored [NCC#174]
Assembling...
Linking...
                       LIST OF MEMORY AREAS
  * AREA *                    * ALLOCATED *         * UNUSED *
                             From  To   Len       From  To   Len
SYSTEM IMAGE FLASH           0000 3FFF 4000        - RESERVED - 
OffChip FLASH  (EECODE)      4000 43FF 0400       4308 43FF 00F8
OffChip FLASH  (Pool)         - AVAILABLE -       4400 DFFF 9C00
OnChip  RAM    (System)      E800 EA6D 026E          - NONE -   
OnChip  RAMFAR               EA6E EAAD 0040       EA6E EAAD 0040
OnChip  RAM    (System)      EAAE ECDA 022D          - NONE -   
OnChip  RAMFAR               ECDB EDCC 00F2          - NONE -   
OnChip  RAM    (Pool)         - AVAILABLE -       EDCD EFE0 0214
OnChip  RAMNEAR              EFE1 EFFF 001F          - NONE -   
OnChip  EEPROM (Prolog)      F000 F028 0029          - NONE -   
OnChip  EEPROM (Config)      F029 F0D7 00AF          - NONE -   
OnChip  EECODE               F0D8 F0FE 0027          - NONE -   
OnChip  EEPROM (MemCtl)      F0FF F111 0013          - NONE -   
OnChip  EEPROM (Pool)         - AVAILABLE -       F112 F1EF 00DE
OnChip  EEPROM (Epilog)      F1F0 F1FF 0010          - NONE -   
End of Memory Area List
Link Memory Usage Statistics:
EEPROM Usage:  (not necessarily in order of physical layout)
               (includes application use of external Flash memory)
        Reserved for System Firmware     16128 bytes
        System Data and Parameters         120 bytes
        Domain and Address Tables          105 bytes
        Network Variable Config Tables      29 bytes
        Application EEPROM Variables         0 bytes
        Library EEPROM Variables             0 bytes
        Application Code and Const Data    480 bytes
        Library Code and Const Data        311 bytes
        Self-Identification Data            21 bytes
                                         -----
        Total EEPROM Requirement         17194 bytes
        Remaining EEPROM                 40406 bytes
RAM Usage:      (not necessarily in order of physical layout)
        System Data and Parameters         634 bytes
        Transaction Control Blocks         121 bytes
        Appl Timers and I/O Change Events    0 bytes
        Network and Application Buffers    424 bytes
        Flash Memory System RAM Buffer     128 bytes
        ISR RAM Buffer                     105 bytes
        Application RAM Variables           31 bytes
        Library RAM Variables                9 bytes
                                         -----
        Total RAM Requirement             1452 bytes
        Remaining RAM                      596 bytes
Successfully linked for PL 3150.
        Memory Map (14 bytes of System EEPROM) supports extended memory.
                This amount varies by the firmware version.
        Extended Version Number (4 bytes) varies by firmware version.
        System Upper EEPROM Area (16 bytes) varies by firmware version.
        Priority outgoing message transaction control block uses 28 bytes of RAM.
                Of this amount, 10 bytes varies by firmware version.
        Some system RAM usage, for System Data and Transaction Blocks
                (totaling 229 bytes) varies by the Neuron model, the
                firmware version, and the number of receive
                transaction control blocks.
        Flash support requires an additional 128 bytes of RAM.
        Due to code in flash or EEPROM memory,
                SCI or SPI I/O model ISR requires a buffer of 105 bytes of RAM.
        Default buffer counts vary by Neuron model
                (resulting in an additional 124 bytes of RAM).
        FLASH Signature  = 66:704C @ 4000 .. 4002
End of Link Statistics
Exporting...
Creating 'E:\Document\Product_Transfer\LonDeviceDevelopTool\DATA Program\Lon\3150TOAVR\3150TOAVR Output\3150TOAVR.NXE'... Done.
Creating 'E:\Document\Product_Transfer\LonDeviceDevelopTool\DATA Program\Lon\3150TOAVR\3150TOAVR Output\3150TOAVR.XIF'... Done.
Creating 'E:\Document\Product_Transfer\LonDeviceDevelopTool\DATA Program\Lon\3150TOAVR\3150TOAVR Output\3150TOAVR.XFB'... Done.
Creating 'E:\Document\Product_Transfer\LonDeviceDevelopTool\DATA Program\Lon\3150TOAVR\3150TOAVR Output\3150TOAVR.APB'... Done.
Creating 'E:\Document\Product_Transfer\LonDeviceDevelopTool\DATA Program\Lon\3150TOAVR\3150TOAVR Output\3150TOAVR.NEI'... Done.
Creating 'E:\Document\Product_Transfer\LonDeviceDevelopTool\DATA Program\Lon\3150TOAVR\3150TOAVR Output\3150TOAVR.NDL'... Done.

