Build log E:\Document\Product_Transfer\LonDeviceDevelopTool\DATA Program\Lon\SI_Base\3150FINGER_SI\3150FINGER_SI Output\3150FINGER_SI.log
Created Monday, January 22, 2007, at 11:41:48

Compiling...
Warning: E:\DOCUMENT\PRODUCT_TRANSFER\LONDEVICEDEVELOPTOOL\DATA PROGRAM\LON\SI_BASE\3150FINGER_SI\3150FINGER_SI.NC  186(  5):
        Return value of function was ignored [NCC#174]
Warning: E:\DOCUMENT\PRODUCT_TRANSFER\LONDEVICEDEVELOPTOOL\DATA PROGRAM\LON\SI_BASE\3150FINGER_SI\3150FINGER_SI.NC  308(  1):
        The symbol 'len' was declared but never used [NCC#310]
Warning: E:\DOCUMENT\PRODUCT_TRANSFER\LONDEVICEDEVELOPTOOL\DATA PROGRAM\LON\SI_BASE\3150FINGER_SI\3150FINGER_SI.NC  308(  1):
        The symbol 'nodeId' was declared but never used [NCC#310]
Warning: E:\DOCUMENT\PRODUCT_TRANSFER\LONDEVICEDEVELOPTOOL\DATA PROGRAM\LON\SI_BASE\3150FINGER_SI\3150FINGER_SI.NC  419(  5):
        Return value of function was ignored [NCC#174]
Warning: E:\DOCUMENT\PRODUCT_TRANSFER\LONDEVICEDEVELOPTOOL\DATA PROGRAM\LON\SI_BASE\3150FINGER_SI\3150FINGER_SI.NC  428(  1):
        The symbol 'count' was declared but never used [NCC#310]
Warning: E:\DOCUMENT\PRODUCT_TRANSFER\LONDEVICEDEVELOPTOOL\DATA PROGRAM\LON\SI_BASE\3150FINGER_SI\3150FINGER_SI.NC  428(  1):
        The symbol 'temp' was declared but never used [NCC#310]
Assembling...
Linking...
                       LIST OF MEMORY AREAS
  * AREA *                    * ALLOCATED *         * UNUSED *
                             From  To   Len       From  To   Len
SYSTEM IMAGE FLASH           0000 3FFF 4000        - RESERVED - 
OffChip FLASH  (EECODE)      4000 44FF 0500       44C7 44FF 0039
OffChip FLASH  (Pool)         - AVAILABLE -       4500 DFFF 9B00
OnChip  RAM    (System)      E800 EA6D 026E          - NONE -   
OnChip  RAMFAR               EA6E EAAD 0040       EA6E EAAD 0040
OnChip  RAM    (System)      EAAE EDF4 0347          - NONE -   
OnChip  RAMFAR               EDF5 EEE6 00F2          - NONE -   
OnChip  RAM    (Pool)         - AVAILABLE -       EEE7 EF88 00A2
OnChip  RAMNEAR              EF89 EFFF 0077          - NONE -   
OnChip  EEPROM (Prolog)      F000 F028 0029          - NONE -   
OnChip  EEPROM (Config)      F029 F0E7 00BF          - NONE -   
OnChip  EECODE               F0E8 F10E 0027          - NONE -   
OnChip  EEPROM (MemCtl)      F10F F121 0013          - NONE -   
OnChip  EEPROM (Pool)         - AVAILABLE -       F122 F1EF 00CE
OnChip  EEPROM (Epilog)      F1F0 F1FF 0010          - NONE -   
End of Memory Area List
Link Memory Usage Statistics:
EEPROM Usage:  (not necessarily in order of physical layout)
               (includes application use of external Flash memory)
        Reserved for System Firmware     16128 bytes
        System Data and Parameters         116 bytes
        Domain and Address Tables          105 bytes
        Network Variable Config Tables      49 bytes
        Application EEPROM Variables         0 bytes
        Library EEPROM Variables             0 bytes
        Application Code and Const Data    935 bytes
        Library Code and Const Data        311 bytes
        Self-Identification Data            13 bytes
                                         -----
        Total EEPROM Requirement         17657 bytes
        Remaining EEPROM                 39943 bytes
RAM Usage:      (not necessarily in order of physical layout)
        System Data and Parameters         634 bytes
        Transaction Control Blocks         160 bytes
        Appl Timers and I/O Change Events    3 bytes
        Network and Application Buffers    664 bytes
        Flash Memory System RAM Buffer     128 bytes
        ISR RAM Buffer                     105 bytes
        Application RAM Variables          119 bytes
        Library RAM Variables                9 bytes
                                         -----
        Total RAM Requirement             1822 bytes
        Remaining RAM                      226 bytes
Successfully linked for PL 3150.
        Memory Map (14 bytes of System EEPROM) supports extended memory.
                This amount varies by the firmware version.
        Extended Version Number (4 bytes) varies by firmware version.
        System Upper EEPROM Area (16 bytes) varies by firmware version.
        Priority outgoing message transaction control block uses 28 bytes of RAM.
                Of this amount, 10 bytes varies by firmware version.
        Some system RAM usage, for System Data and Transaction Blocks
                (totaling 268 bytes) varies by the Neuron model, the
                firmware version, and the number of receive
                transaction control blocks.
        Flash support requires an additional 128 bytes of RAM.
        Due to code in flash or EEPROM memory,
                SCI or SPI I/O model ISR requires a buffer of 105 bytes of RAM.
        Default buffer counts vary by Neuron model
                (resulting in an additional 216 bytes of RAM).
        FLASH Signature  = A3:2671 @ 4000 .. 4002
End of Link Statistics
Exporting...
Creating 'E:\Document\Product_Transfer\LonDeviceDevelopTool\DATA Program\Lon\SI_Base\3150FINGER_SI\3150FINGER_SI Output\3150FINGER_SI.NXE'... Done.
Creating 'E:\Document\Product_Transfer\LonDeviceDevelopTool\DATA Program\Lon\SI_Base\3150FINGER_SI\3150FINGER_SI Output\3150FINGER_SI.XIF'... Done.
Creating 'E:\Document\Product_Transfer\LonDeviceDevelopTool\DATA Program\Lon\SI_Base\3150FINGER_SI\3150FINGER_SI Output\3150FINGER_SI.XFB'... Done.
Creating 'E:\Document\Product_Transfer\LonDeviceDevelopTool\DATA Program\Lon\SI_Base\3150FINGER_SI\3150FINGER_SI Output\3150FINGER_SI.APB'... Done.
Creating 'E:\Document\Product_Transfer\LonDeviceDevelopTool\DATA Program\Lon\SI_Base\3150FINGER_SI\3150FINGER_SI Output\3150FINGER_SI.NEI'... Done.
Creating 'E:\Document\Product_Transfer\LonDeviceDevelopTool\DATA Program\Lon\SI_Base\3150FINGER_SI\3150FINGER_SI Output\3150FINGER_SI.NDL'... Done.

