__start:
__text_start:
    0013 E5CF      LDI	R28,0x5F
    0014 E0D4      LDI	R29,4
    0015 BFCD      OUT	P3D,R28
    0016 BFDE      OUT	P3E,R29
    0017 51C0      SUBI	R28,0x10
    0018 40D0      SBCI	R29,0
    0019 EA0A      LDI	R16,0xAA
    001A 8308      STD	R16,0+Y
    001B 2400      CLR	R0
    001C E6E0      LDI	R30,0x60
    001D E0F0      LDI	R31,0
    001E E010      LDI	R17,0
    001F 37E3      CPI	R30,0x73
    0020 07F1      CPC	R31,R17
    0021 F011      BEQ	0x0024
    0022 9201      ST	R0,Z+
    0023 CFFB      RJMP	0x001F
    0024 8300      STD	R16,0+Z
    0025 E2E6      LDI	R30,0x26
    0026 E0F0      LDI	R31,0
    0027 E6A0      LDI	R26,0x60
    0028 E0B0      LDI	R27,0
    0029 E010      LDI	R17,0
    002A 32E6      CPI	R30,0x26
    002B 07F1      CPC	R31,R17
    002C F021      BEQ	0x0031
    002D 95C8      LPM
    002E 9631      ADIW	R30,1
    002F 920D      ST	R0,X+
    0030 CFF9      RJMP	0x002A
    0031 D17F      RCALL	_main
_exit:
    0032 CFFF      RJMP	_exit
FILE: E:\FW\HN_Device\GAS_ATMEGA8\PL3150_GAS.c
(0001) //ICC-AVR application builder : 2006-11-07 żŔŔü 11:49:23
(0002) // Target : M8
(0003) // Crystal: 8.0000Mhz
(0004) 
(0005) #include <iom8v.h>
(0006) #include <macros.h>
(0007) 
(0008) typedef unsigned char 	BYTE;
(0009) typedef unsigned int 	WORD;
(0010) typedef unsigned long 	DWORD;
(0011) 
(0012) #define	BIT0	0x01																																																						
(0013) #define	BIT1	0x02																																																						
(0014) #define	BIT2	0x04																																																						
(0015) #define	BIT3	0x08																																																						
(0016) #define	BIT4	0x10																																																						
(0017) #define	BIT5	0x20																																																						
(0018) #define	BIT6	0x40																																																						
(0019) #define	BIT7	0x80		
(0020) 
(0021) #define LEVEL0     0x00
(0022) #define LEVEL1     0x01
(0023) 
(0024) #define LEVEL2     0x02
(0025) #define LEVEL3     0x03
(0026) 
(0027) #define LEVEL4     0x04
(0028) #define LEVEL5     0x05
(0029) #define LEVEL6     0x06
(0030) #define LEVEL7     0x07
(0031) #define LEVEL8     0x08
(0032) #define LEVEL9     0x09
(0033) #define LEVEL10    0x0A
(0034) #define LEVEL11    0x0B
(0035) #define LEVEL12    0x0C
(0036) 
(0037) #define LEVEL13    0x0D
(0038) #define LEVEL14    0x0E
(0039) #define LEVEL15    0x0F
(0040) #define LEVEL16    0x1F
(0041) #define LEVEL17    0x3F
(0042) #define LEVEL18    0x7F
(0043) #define LEVEL19    0xFF		
(0044) 
(0045) #define  GAS    0xE0
(0046) #define  CDS    0xE1
(0047) #define  TEMP   0xE2	
(0048) 
(0049) 
(0050) #define	 GAS_SEN_DIS 	  PORTC = PORTC & ~BIT1
(0051) #define	 GAS_SEN_EN       PORTC = PORTC |  BIT1
(0052) 
(0053) #define	 LED_ON 	   PORTD = PORTD & ~BIT5
(0054) #define	 LED_OFF       PORTD = PORTD |  BIT5
(0055) 
(0056) BYTE  flag ;
(0057) BYTE  flagg;
(0058) BYTE  ADC_DATA[7];
(0059) WORD  ADC_DATAS;
(0060) BYTE  T_COUNT;
(0061) BYTE  CDS_DATA;
(0062) BYTE  GAS_DATA;
(0063) BYTE  TEMPER_DATA;
(0064) BYTE  TEMP_HIGH;
(0065) BYTE  TEMP_LOW;
(0066) BYTE  NO_COUNT;
(0067) BYTE  ADC_COUNT;
(0068) 
(0069) 
(0070) void port_init(void)
(0071) {
(0072)  PORTB = 0xFF;
_port_init:
    0033 EF8F      LDI	R24,0xFF
    0034 BB88      OUT	P18,R24
(0073)  DDRB  = 0x07;
    0035 E087      LDI	R24,7
    0036 BB87      OUT	P17,R24
(0074)  PORTC = 0x7F; //m103 output only
    0037 E78F      LDI	R24,0x7F
    0038 BB85      OUT	P15,R24
(0075)  DDRC  = 0x32;
    0039 E382      LDI	R24,0x32
    003A BB84      OUT	P14,R24
(0076)  PORTD = 0xFF;
    003B EF8F      LDI	R24,0xFF
    003C BB82      OUT	P12,R24
(0077)  DDRD  = 0xFE;
    003D EF8E      LDI	R24,0xFE
    003E BB81      OUT	P11,R24
(0078) }
    003F 9508      RET
(0079) 
(0080) //TIMER1 initialisation - prescale:1024
(0081) // WGM: 0) Normal, TOP=0xFFFF
(0082) // desired value: 1Sec
(0083) // actual value:  1.000Sec (0.0%)
(0084) void timer1_init(void)
(0085) {
(0086)  TCCR1B = 0x00; //stop
_timer1_init:
    0040 2422      CLR	R2
    0041 BC2E      OUT	P2E,R2
(0087)  TCNT1H = 0xCF; //reload counter high value
    0042 EC8F      LDI	R24,0xCF
    0043 BD8D      OUT	P2D,R24
(0088)  TCNT1L = 0x2C; //reload counter low value
    0044 E28C      LDI	R24,0x2C
    0045 BD8C      OUT	P2C,R24
(0089)  //OCR1AH = 0x1E;
(0090)  //OCR1AL = 0x84;
(0091)  //OCR1BH = 0x1E;
(0092)  //OCR1BL = 0x84;
(0093)  //ICR1H  = 0x1E;
(0094)  //ICR1L  = 0x84;
(0095)  TCCR1A = 0x00;
    0046 BC2F      OUT	P2F,R2
(0096)  //TCCR1B = 0x05; //start Timer
(0097) }
    0047 9508      RET
_timer1_ovf_isr:
    0048 938A      ST	R24,-Y
    0049 B78F      IN	R24,P3F
    004A 938A      ST	R24,-Y
(0098) 
(0099) #pragma interrupt_handler timer1_ovf_isr:9
(0100) void timer1_ovf_isr(void)
(0101) {
(0102)  //TIMER1 has overflowed
(0103)  TCNT1H = 0xCF; //reload counter high value
    004B EC8F      LDI	R24,0xCF
    004C BD8D      OUT	P2D,R24
(0104)  TCNT1L = 0x2C; //reload counter low value
    004D E28C      LDI	R24,0x2C
    004E BD8C      OUT	P2C,R24
(0105)  flag = 1;
    004F E081      LDI	R24,1
    0050 93800072  STS	_flag,R24
(0106) }
    0052 9189      LD	R24,Y+
    0053 BF8F      OUT	P3F,R24
    0054 9189      LD	R24,Y+
    0055 9518      RETI
(0107) 
(0108) //UART0 initialisation
(0109) // desired baud rate: 9600
(0110) // actual: baud rate:9615 (0.2%)
(0111) // char size: 8 bit
(0112) // parity: Disabled
(0113) void uart0_init(void)
(0114) {
(0115)  UCSRB = 0x00; //disable while setting baud rate
_uart0_init:
    0056 2422      CLR	R2
    0057 B82A      OUT	P0A,R2
(0116)  UCSRA = 0x00;
    0058 B82B      OUT	P0B,R2
(0117)  UCSRC = 0x06;
    0059 E086      LDI	R24,6
    005A BD80      OUT	P20,R24
(0118)  UBRRL = 0x33; //set baud rate lo
    005B E383      LDI	R24,0x33
    005C B989      OUT	P09,R24
(0119)  UBRRH = 0x00; //set baud rate hi
    005D BC20      OUT	P20,R2
(0120)  UCSRB = 0x98;
    005E E988      LDI	R24,0x98
    005F B98A      OUT	P0A,R24
(0121) }
    0060 9508      RET
(0122) 
(0123) #pragma interrupt_handler uart0_rx_isr:12
(0124) void uart0_rx_isr(void)
(0125) {
(0126)  //uart has received a character in UDR
(0127) }
_uart0_rx_isr:
    0061 9518      RETI
(0128) 
(0129) //ADC initialisation
(0130) // Conversion time: 13uS
(0131) void adc_init(void)
(0132) {
(0133)  ADCSR = 0x00; //disable adc
_adc_init:
    0062 2422      CLR	R2
    0063 B826      OUT	P06,R2
(0134)  ADMUX = 0x00; //select adc input 0
    0064 B827      OUT	P07,R2
(0135)  ACSR  = 0x80;
    0065 E880      LDI	R24,0x80
    0066 B988      OUT	P08,R24
(0136)  ADCSR = 0x0B;
    0067 E08B      LDI	R24,0xB
    0068 B986      OUT	P06,R24
(0137) }
    0069 9508      RET
_adc_isr:
    006A 922A      ST	R2,-Y
    006B 923A      ST	R3,-Y
    006C 938A      ST	R24,-Y
    006D B62F      IN	R2,P3F
    006E 922A      ST	R2,-Y
(0138) 
(0139) #pragma interrupt_handler adc_isr:15
(0140) void adc_isr(void)
(0141) {
(0142)  //conversion complete, read value (int) using...
(0143)   ADC_DATAS = ADC;
    006F B024      IN	R2,P04
    0070 B035      IN	R3,P05
    0071 92300069  STS	_ADC_DATAS+1,R3
    0073 92200068  STS	_ADC_DATAS,R2
(0144)   flagg = 1;
    0075 E081      LDI	R24,1
    0076 93800071  STS	_flagg,R24
(0145) }
    0078 9029      LD	R2,Y+
    0079 BE2F      OUT	P3F,R2
    007A 9189      LD	R24,Y+
    007B 9039      LD	R3,Y+
    007C 9029      LD	R2,Y+
    007D 9518      RETI
_ADC_CONVER:
  TEP_H                --> R20
  TEMP_DATA            --> R22
  COMM                 --> R16
    007E D1BF      RCALL	push_gset2
(0146) 
(0147) void ADC_CONVER(BYTE COMM)
(0148) {
(0149)     WORD  TEMP_DATA;
(0150) 	BYTE  TEP_H;
(0151) 	
(0152) 	ADC_COUNT++;
    007F 91800060  LDS	R24,_ADC_COUNT
    0081 5F8F      SUBI	R24,0xFF
    0082 93800060  STS	_ADC_COUNT,R24
(0153) 	
(0154) 	switch(COMM)
    0084 2F40      MOV	R20,R16
    0085 2755      CLR	R21
    0086 3E40      CPI	R20,0xE0
    0087 E0E0      LDI	R30,0
    0088 075E      CPC	R21,R30
    0089 F051      BEQ	0x0094
    008A 3E41      CPI	R20,0xE1
    008B E0E0      LDI	R30,0
    008C 075E      CPC	R21,R30
    008D F151      BEQ	0x00B8
    008E 3E42      CPI	R20,0xE2
    008F E0E0      LDI	R30,0
    0090 075E      CPC	R21,R30
    0091 F409      BNE	0x0093
    0092 C049      RJMP	0x00DC
    0093 C074      RJMP	0x0108
(0155) 	  {
(0156) 	  case GAS :  ADCSRA = 0x9E;     
    0094 E98E      LDI	R24,0x9E
    0095 B986      OUT	P06,R24
(0157)                   ADMUX = 0x40;
    0096 E480      LDI	R24,0x40
    0097 B987      OUT	P07,R24
(0158)                   SEI();     
    0098 9478      BSET	7
(0159)                   flagg = 0;
    0099 2422      CLR	R2
    009A 92200071  STS	_flagg,R2
(0160)                   ADCSRA|=0x40;     
    009C 9A36      SBI	P06,6
(0161)                   while(!(flagg));
    009D 90200071  LDS	R2,_flagg
    009F 2022      TST	R2
    00A0 F3E1      BEQ	0x009D
(0162)                   ADCSRA&=0xBF;  
    00A1 B186      IN	R24,P06
    00A2 7B8F      ANDI	R24,0xBF
    00A3 B986      OUT	P06,R24
(0163)                   CLI();
    00A4 94F8      BCLR	7
(0164) 	              TEMP_DATA = ADC_DATAS & 0x03FC;
    00A5 91600068  LDS	R22,_ADC_DATAS
    00A7 91700069  LDS	R23,_ADC_DATAS+1
    00A9 7F6C      ANDI	R22,0xFC
    00AA 7073      ANDI	R23,3
(0165)                   GAS_DATA = TEMP_DATA >> 2; 
    00AB 011B      MOVW	R2,R22
    00AC 9436      LSR	R3
    00AD 9427      ROR	R2
    00AE 9436      LSR	R3
    00AF 9427      ROR	R2
    00B0 92200065  STS	_GAS_DATA,R2
(0166) 	              ADCSRA = 0x00;
    00B2 2422      CLR	R2
    00B3 B826      OUT	P06,R2
(0167) 	              TEMP_DATA = 0x0000;	
    00B4 2766      CLR	R22
    00B5 2777      CLR	R23
(0168) 			      SEI();
    00B6 9478      BSET	7
(0169) 			      break;
    00B7 C050      RJMP	0x0108
(0170) 	  case CDS :  ADCSRA = 0x9E;     
    00B8 E98E      LDI	R24,0x9E
    00B9 B986      OUT	P06,R24
(0171)                   ADMUX = 0x42; // ADC 2 AD CONVERTER
    00BA E482      LDI	R24,0x42
    00BB B987      OUT	P07,R24
(0172)                   SEI();     
    00BC 9478      BSET	7
(0173)                   flagg = 0;
    00BD 2422      CLR	R2
    00BE 92200071  STS	_flagg,R2
(0174)                   ADCSRA|=0x40;     
    00C0 9A36      SBI	P06,6
(0175)                   while(!(flagg));
    00C1 90200071  LDS	R2,_flagg
    00C3 2022      TST	R2
    00C4 F3E1      BEQ	0x00C1
(0176)                   ADCSRA&=0xBF;  
    00C5 B186      IN	R24,P06
    00C6 7B8F      ANDI	R24,0xBF
    00C7 B986      OUT	P06,R24
(0177)                   CLI();
    00C8 94F8      BCLR	7
(0178) 	              TEMP_DATA = ADC_DATAS & 0x03FC;
    00C9 91600068  LDS	R22,_ADC_DATAS
    00CB 91700069  LDS	R23,_ADC_DATAS+1
    00CD 7F6C      ANDI	R22,0xFC
    00CE 7073      ANDI	R23,3
(0179)                   CDS_DATA = TEMP_DATA >> 2; 
    00CF 011B      MOVW	R2,R22
    00D0 9436      LSR	R3
    00D1 9427      ROR	R2
    00D2 9436      LSR	R3
    00D3 9427      ROR	R2
    00D4 92200066  STS	_CDS_DATA,R2
(0180) 	              ADCSRA = 0x00;	
    00D6 2422      CLR	R2
    00D7 B826      OUT	P06,R2
(0181) 	              TEMP_DATA = 0x0000;
    00D8 2766      CLR	R22
    00D9 2777      CLR	R23
(0182) 	              SEI();
    00DA 9478      BSET	7
(0183) 			      break;
    00DB C02C      RJMP	0x0108
(0184) 	  case TEMP : ADCSRA = 0x9E;     
    00DC E98E      LDI	R24,0x9E
    00DD B986      OUT	P06,R24
(0185)                   ADMUX = 0x43;
    00DE E483      LDI	R24,0x43
    00DF B987      OUT	P07,R24
(0186)                   SEI();     
    00E0 9478      BSET	7
(0187)                   flagg = 0;
    00E1 2422      CLR	R2
    00E2 92200071  STS	_flagg,R2
(0188)                   ADCSRA|=0x40;     
    00E4 9A36      SBI	P06,6
(0189)                   while(!(flagg));
    00E5 90200071  LDS	R2,_flagg
    00E7 2022      TST	R2
    00E8 F3E1      BEQ	0x00E5
(0190)                   ADCSRA&=0xBF;  
    00E9 B186      IN	R24,P06
    00EA 7B8F      ANDI	R24,0xBF
    00EB B986      OUT	P06,R24
(0191)                   CLI();
    00EC 94F8      BCLR	7
(0192) 	              TEMP_DATA = ADC_DATAS & 0x03FF;
    00ED 91600068  LDS	R22,_ADC_DATAS
    00EF 91700069  LDS	R23,_ADC_DATAS+1
    00F1 7073      ANDI	R23,3
(0193) 	              TEP_H  =  TEMP_DATA & 0x0300;
    00F2 2F46      MOV	R20,R22
    00F3 7040      ANDI	R20,0
    00F4 7053      ANDI	R21,3
(0194) 	              TEMP_HIGH = TEP_H >> 8;
    00F5 2E24      MOV	R2,R20
    00F6 2433      CLR	R3
    00F7 2C23      MOV	R2,R3
    00F8 2433      CLR	R3
    00F9 FC27      SBRC	R2,7
    00FA 9430      COM	R3
    00FB 92200063  STS	_TEMP_HIGH,R2
(0195) 	              TEMP_LOW  =  TEMP_DATA & 0x00FF;	     
    00FD 01CB      MOVW	R24,R22
    00FE 7090      ANDI	R25,0
    00FF 93800062  STS	_TEMP_LOW,R24
(0196) 	              ADCSRA = 0x00;
    0101 2422      CLR	R2
    0102 B826      OUT	P06,R2
(0197) 	              TEMP_DATA = 0x0000;	
    0103 2766      CLR	R22
    0104 2777      CLR	R23
(0198)                   SEI();
    0105 9478      BSET	7
(0199) 			      ADC_COUNT = 0;
    0106 92200060  STS	_ADC_COUNT,R2
(0200) 			      break;
(0201) 	  }	   
(0202) }
    0108 D11C      RCALL	pop_gset2
    0109 9508      RET
_LEVEL_CONVERT:
  LEVEL                --> R20
  LEVEL_V              --> R16
    010A D11C      RCALL	push_gset1
(0203) 
(0204) LEVEL_CONVERT(BYTE LEVEL_V)
(0205) {
(0206)  BYTE LEVEL;
(0207) if(LEVEL_V>= 200)
    010B 3C08      CPI	R16,0xC8
    010C F010      BCS	0x010F
(0208)       LEVEL = LEVEL0;
    010D 2744      CLR	R20
    010E C06F      RJMP	0x017E
(0209)     else if(LEVEL_V >=190 && LEVEL_V < 200)
    010F 3B0E      CPI	R16,0xBE
    0110 F020      BCS	0x0115
    0111 3C08      CPI	R16,0xC8
    0112 F410      BCC	0x0115
(0210)         LEVEL = LEVEL1;    
    0113 E041      LDI	R20,1
    0114 C069      RJMP	0x017E
(0211)     else if(LEVEL_V >=180 && LEVEL_V < 190)
    0115 3B04      CPI	R16,0xB4
    0116 F020      BCS	0x011B
    0117 3B0E      CPI	R16,0xBE
    0118 F410      BCC	0x011B
(0212)         LEVEL = LEVEL2;  
    0119 E042      LDI	R20,2
    011A C063      RJMP	0x017E
(0213)     else if(LEVEL_V >=170 && LEVEL_V < 180)
    011B 3A0A      CPI	R16,0xAA
    011C F020      BCS	0x0121
    011D 3B04      CPI	R16,0xB4
    011E F410      BCC	0x0121
(0214)         LEVEL = LEVEL3;  
    011F E043      LDI	R20,3
    0120 C05D      RJMP	0x017E
(0215)     else if(LEVEL_V >=160 && LEVEL_V < 170)
    0121 3A00      CPI	R16,0xA0
    0122 F020      BCS	0x0127
    0123 3A0A      CPI	R16,0xAA
    0124 F410      BCC	0x0127
(0216)         LEVEL = LEVEL4;  
    0125 E044      LDI	R20,4
    0126 C057      RJMP	0x017E
(0217)     else if(LEVEL_V >=150 && LEVEL_V < 160)
    0127 3906      CPI	R16,0x96
    0128 F020      BCS	0x012D
    0129 3A00      CPI	R16,0xA0
    012A F410      BCC	0x012D
(0218)         LEVEL = LEVEL5;
    012B E045      LDI	R20,5
    012C C051      RJMP	0x017E
(0219)     else if(LEVEL_V >=140 && LEVEL_V < 150)
    012D 380C      CPI	R16,0x8C
    012E F020      BCS	0x0133
    012F 3906      CPI	R16,0x96
    0130 F410      BCC	0x0133
(0220)         LEVEL = LEVEL6;       
    0131 E046      LDI	R20,6
    0132 C04B      RJMP	0x017E
(0221)     else if(LEVEL_V >=130 && LEVEL_V < 140)
    0133 3802      CPI	R16,0x82
    0134 F020      BCS	0x0139
    0135 380C      CPI	R16,0x8C
    0136 F410      BCC	0x0139
(0222)         LEVEL = LEVEL7; 
    0137 E047      LDI	R20,7
    0138 C045      RJMP	0x017E
(0223)     else if(LEVEL_V >=120 && LEVEL_V < 130)
    0139 3708      CPI	R16,0x78
    013A F020      BCS	0x013F
    013B 3802      CPI	R16,0x82
    013C F410      BCC	0x013F
(0224)         LEVEL = LEVEL8; 
    013D E048      LDI	R20,0x8
    013E C03F      RJMP	0x017E
(0225)     else if(LEVEL_V >=110 && LEVEL_V < 120)
    013F 360E      CPI	R16,0x6E
    0140 F020      BCS	0x0145
    0141 3708      CPI	R16,0x78
    0142 F410      BCC	0x0145
(0226)         LEVEL = LEVEL9;  
    0143 E049      LDI	R20,0x9
    0144 C039      RJMP	0x017E
(0227)     else if(LEVEL_V >=100 && LEVEL_V < 110)
    0145 3604      CPI	R16,0x64
    0146 F020      BCS	0x014B
    0147 360E      CPI	R16,0x6E
    0148 F410      BCC	0x014B
(0228)         LEVEL = LEVEL10;     
    0149 E04A      LDI	R20,0xA
    014A C033      RJMP	0x017E
(0229)     else if(LEVEL_V >=90 && LEVEL_V < 100)
    014B 350A      CPI	R16,0x5A
    014C F020      BCS	0x0151
    014D 3604      CPI	R16,0x64
    014E F410      BCC	0x0151
(0230)         LEVEL = LEVEL11;     
    014F E04B      LDI	R20,0xB
    0150 C02D      RJMP	0x017E
(0231)     else if(LEVEL_V >=80 && LEVEL_V  < 90)
    0151 3500      CPI	R16,0x50
    0152 F020      BCS	0x0157
    0153 350A      CPI	R16,0x5A
    0154 F410      BCC	0x0157
(0232)         LEVEL = LEVEL12;                  
    0155 E04C      LDI	R20,0xC
    0156 C027      RJMP	0x017E
(0233)     else if(LEVEL_V >=70 && LEVEL_V < 80)
    0157 3406      CPI	R16,0x46
    0158 F020      BCS	0x015D
    0159 3500      CPI	R16,0x50
    015A F410      BCC	0x015D
(0234)         LEVEL = LEVEL13;         
    015B E04D      LDI	R20,0xD
    015C C021      RJMP	0x017E
(0235)     else if(LEVEL_V >=60 && LEVEL_V < 70)
    015D 330C      CPI	R16,0x3C
    015E F020      BCS	0x0163
    015F 3406      CPI	R16,0x46
    0160 F410      BCC	0x0163
(0236)         LEVEL = LEVEL14;   
    0161 E04E      LDI	R20,0xE
    0162 C01B      RJMP	0x017E
(0237)     else if(LEVEL_V >=50 && LEVEL_V < 60)
    0163 3302      CPI	R16,0x32
    0164 F020      BCS	0x0169
    0165 330C      CPI	R16,0x3C
    0166 F410      BCC	0x0169
(0238)         LEVEL = LEVEL15; 
    0167 E04F      LDI	R20,0xF
    0168 C015      RJMP	0x017E
(0239)     else if(LEVEL_V >=40 && LEVEL_V < 50)
    0169 3208      CPI	R16,0x28
    016A F020      BCS	0x016F
    016B 3302      CPI	R16,0x32
    016C F410      BCC	0x016F
(0240)         LEVEL = LEVEL16;  
    016D E14F      LDI	R20,0x1F
    016E C00F      RJMP	0x017E
(0241)     else if(LEVEL_V >=30 && LEVEL_V < 40)
    016F 310E      CPI	R16,0x1E
    0170 F020      BCS	0x0175
    0171 3208      CPI	R16,0x28
    0172 F410      BCC	0x0175
(0242)         LEVEL = LEVEL17;  
    0173 E34F      LDI	R20,0x3F
    0174 C009      RJMP	0x017E
(0243)      else if(LEVEL_V >=20 && LEVEL_V < 30)
    0175 3104      CPI	R16,0x14
    0176 F020      BCS	0x017B
    0177 310E      CPI	R16,0x1E
    0178 F410      BCC	0x017B
(0244)         LEVEL = LEVEL18;                                              
    0179 E74F      LDI	R20,0x7F
    017A C003      RJMP	0x017E
(0245)     else if( LEVEL_V < 20)
    017B 3104      CPI	R16,0x14
    017C F408      BCC	0x017E
(0246)         LEVEL = LEVEL19;           
    017D EF4F      LDI	R20,0xFF
(0247) 
(0248)     return LEVEL;
    017E 2F04      MOV	R16,R20
    017F 2711      CLR	R17
    0180 D0A9      RCALL	pop_gset1
    0181 9508      RET
(0249) }
(0250) 
(0251) //call this routine to initialise all peripherals
(0252) void init_devices(void)
(0253) {
(0254)  //stop errant interrupts until set up
(0255)  CLI(); //disable all interrupts
_init_devices:
    0182 94F8      BCLR	7
(0256)  port_init();
    0183 DEAF      RCALL	_port_init
(0257)  timer1_init();
    0184 DEBB      RCALL	_timer1_init
(0258)  uart0_init();
    0185 DED0      RCALL	_uart0_init
(0259)  adc_init();
    0186 DEDB      RCALL	_adc_init
(0260) 
(0261)  MCUCR = 0x00;
    0187 2422      CLR	R2
    0188 BE25      OUT	P35,R2
(0262)  GICR  = 0x00;
    0189 BE2B      OUT	P3B,R2
(0263)  TIMSK = 0x05; //timer interrupt sources
    018A E085      LDI	R24,5
    018B BF89      OUT	P39,R24
(0264)  
(0265)  flag = 0; 
    018C 92200072  STS	_flag,R2
(0266)  GAS_SEN_EN;
    018E 9AA9      SBI	P15,1
(0267)  T_COUNT = 0;
    018F 92200067  STS	_T_COUNT,R2
(0268)  NO_COUNT = 0;
    0191 92200061  STS	_NO_COUNT,R2
(0269)  ADC_DATA[0] = 0x02;
    0193 E082      LDI	R24,2
    0194 9380006A  STS	_ADC_DATA,R24
(0270)  ADC_DATA[5] = 0x03;
    0196 E083      LDI	R24,3
    0197 9380006F  STS	0x6F,R24
(0271)  
(0272)  SEI(); //re-enable interrupts
    0199 9478      BSET	7
(0273)  //all peripherals are now initialised
(0274) }
    019A 9508      RET
(0275) 
(0276) // TX 1 BYTE PROGRAM
(0277) void RS232_Send_Byte(BYTE DATA)
(0278)  { 	
(0279) // PORTB = 0x00;
(0280)  while(!(UCSRA & 0x20));
_RS232_Send_Byte:
  DATA                 --> R16
    019B 9B5D      SBIS	P0B,5
    019C CFFE      RJMP	_RS232_Send_Byte
(0281)  UDR = DATA;
    019D B90C      OUT	P0C,R16
(0282)  UCSRA |= 0x20; 
    019E 9A5D      SBI	P0B,5
(0283)  //PORTB = 0xFF;
(0284)  }
    019F 9508      RET
_RS232_Send_Bytes:
  C                    --> R20
  Num                  --> R22
    01A0 D09D      RCALL	push_gset2
    01A1 2F60      MOV	R22,R16
(0285)      
(0286) 
(0287) // TX BYTES PGM
(0288) void RS232_Send_Bytes(BYTE Num)
(0289) {
(0290) BYTE C;
(0291) //LED422_ON;
(0292) for(C=0; C<Num; C++) RS232_Send_Byte(ADC_DATA[C]);  
    01A2 2744      CLR	R20
    01A3 C009      RJMP	0x01AD
    01A4 E68A      LDI	R24,0x6A
    01A5 E090      LDI	R25,0
    01A6 2FE4      MOV	R30,R20
    01A7 27FF      CLR	R31
    01A8 0FE8      ADD	R30,R24
    01A9 1FF9      ADC	R31,R25
    01AA 8100      LDD	R16,0+Z
    01AB DFEF      RCALL	_RS232_Send_Byte
    01AC 9543      INC	R20
    01AD 1746      CP	R20,R22
    01AE F3A8      BCS	0x01A4
(0293) //LED422_OFF;
(0294) }
    01AF D075      RCALL	pop_gset2
    01B0 9508      RET
(0295) 
(0296) void main(void)
(0297) {
(0298) init_devices();
_main:
    01B1 DFD0      RCALL	_init_devices
(0299) 
(0300) GAS_SEN_EN;
    01B2 9AA9      SBI	P15,1
(0301) 
(0302) TCCR1B = 0x00; //stop
    01B3 2422      CLR	R2
    01B4 BC2E      OUT	P2E,R2
(0303) TCNT1H = 0xCF; //reload counter high value
    01B5 EC8F      LDI	R24,0xCF
    01B6 BD8D      OUT	P2D,R24
(0304) TCNT1L = 0x20; //reload counter low value
    01B7 E280      LDI	R24,0x20
    01B8 BD8C      OUT	P2C,R24
(0305) TCCR1B = 0x03; //start Timer
    01B9 E083      LDI	R24,3
    01BA BD8E      OUT	P2E,R24
(0306) TIMSK  = 0x04; // Timer 1 ŔÎĹÍ·´Ć®˝ĂŔŰ.
    01BB E084      LDI	R24,4
    01BC BF89      OUT	P39,R24
(0307) 
(0308) //RS232_Send_Bytes(4);
(0309) 
(0310)   for(;;)
(0311)   {  
(0312)   
(0313)   if(flag == 1) 
    01BD 91800072  LDS	R24,_flag
    01BF 3081      CPI	R24,1
    01C0 F441      BNE	0x01C9
(0314)     {   
(0315) 	T_COUNT++;
    01C1 91800067  LDS	R24,_T_COUNT
    01C3 5F8F      SUBI	R24,0xFF
    01C4 93800067  STS	_T_COUNT,R24
(0316) 	flag =0;
    01C6 2422      CLR	R2
    01C7 92200072  STS	_flag,R2
(0317)     }
(0318)   
(0319)   if(T_COUNT >= 6)
    01C9 91800067  LDS	R24,_T_COUNT
    01CB 3086      CPI	R24,6
    01CC F380      BCS	0x01BD
(0320)     {	
(0321) 	NO_COUNT++;
    01CD 91800061  LDS	R24,_NO_COUNT
    01CF 5F8F      SUBI	R24,0xFF
    01D0 93800061  STS	_NO_COUNT,R24
(0322) 	TCCR1B = 0x00; //stop
    01D2 2422      CLR	R2
    01D3 BC2E      OUT	P2E,R2
(0323) 	LED_ON;		
    01D4 9895      CBI	P12,5
(0324) 	switch(NO_COUNT)
    01D5 2F48      MOV	R20,R24
    01D6 2755      CLR	R21
    01D7 3041      CPI	R20,1
    01D8 E0E0      LDI	R30,0
    01D9 075E      CPC	R21,R30
    01DA F049      BEQ	0x01E4
    01DB 3042      CPI	R20,2
    01DC E0E0      LDI	R30,0
    01DD 075E      CPC	R21,R30
    01DE F0B1      BEQ	0x01F5
    01DF 3043      CPI	R20,3
    01E0 E0E0      LDI	R30,0
    01E1 075E      CPC	R21,R30
    01E2 F119      BEQ	0x0206
    01E3 C035      RJMP	0x0219
(0325) 	   {
(0326) 	   case 1 : ADC_CONVER(GAS);
    01E4 EE00      LDI	R16,0xE0
    01E5 DE98      RCALL	_ADC_CONVER
(0327) 	            ADC_DATA[1] = GAS;    
    01E6 EE80      LDI	R24,0xE0
    01E7 9380006B  STS	_ADC_DATA+1,R24
(0328) 	            ADC_DATA[2] = GAS_DATA; 
    01E9 90200065  LDS	R2,_GAS_DATA
    01EB 9220006C  STS	_ADC_DATA+2,R2
(0329) 	            ADC_DATA[3] = 0xFF;     
    01ED EF8F      LDI	R24,0xFF
    01EE 9380006D  STS	_ADC_DATA+3,R24
(0330) 	            ADC_DATA[4] = LEVEL_CONVERT(GAS_DATA); 
    01F0 2D02      MOV	R16,R2
    01F1 DF18      RCALL	_LEVEL_CONVERT
    01F2 9300006E  STS	0x6E,R16
(0331) 	            break;
    01F4 C024      RJMP	0x0219
(0332) 	   case 2 : ADC_CONVER(CDS);	           
    01F5 EE01      LDI	R16,0xE1
    01F6 DE87      RCALL	_ADC_CONVER
(0333) 	            ADC_DATA[1] = CDS;    
    01F7 EE81      LDI	R24,0xE1
    01F8 9380006B  STS	_ADC_DATA+1,R24
(0334) 	            ADC_DATA[2] = CDS_DATA; 
    01FA 90200066  LDS	R2,_CDS_DATA
    01FC 9220006C  STS	_ADC_DATA+2,R2
(0335) 	            ADC_DATA[3] = 0xFF;     
    01FE EF8F      LDI	R24,0xFF
    01FF 9380006D  STS	_ADC_DATA+3,R24
(0336) 	            ADC_DATA[4] = LEVEL_CONVERT(CDS_DATA); 
    0201 2D02      MOV	R16,R2
    0202 DF07      RCALL	_LEVEL_CONVERT
    0203 9300006E  STS	0x6E,R16
(0337) 	            break;
    0205 C013      RJMP	0x0219
(0338) 	   case 3 : ADC_CONVER(TEMP);
    0206 EE02      LDI	R16,0xE2
    0207 DE76      RCALL	_ADC_CONVER
(0339) 	            ADC_DATA[1] = TEMP;    
    0208 EE82      LDI	R24,0xE2
    0209 9380006B  STS	_ADC_DATA+1,R24
(0340) 	            ADC_DATA[2] = TEMP_HIGH; 
    020B 90200063  LDS	R2,_TEMP_HIGH
    020D 9220006C  STS	_ADC_DATA+2,R2
(0341) 	            ADC_DATA[3] = TEMP_LOW;     
    020F 90200062  LDS	R2,_TEMP_LOW
    0211 9220006D  STS	_ADC_DATA+3,R2
(0342) 	            ADC_DATA[4] = 0xFF; 
    0213 EF8F      LDI	R24,0xFF
    0214 9380006E  STS	0x6E,R24
(0343) 				NO_COUNT = 0;
    0216 2422      CLR	R2
    0217 92200061  STS	_NO_COUNT,R2
(0344) 	            break;		
(0345) 	   }
(0346) 	  
(0347) 	RS232_Send_Bytes(6);	
    0219 E006      LDI	R16,6
    021A DF85      RCALL	_RS232_Send_Bytes
(0348)     flag = 0;
    021B 2422      CLR	R2
    021C 92200072  STS	_flag,R2
(0349) 	T_COUNT = 0;
    021E 92200067  STS	_T_COUNT,R2
(0350) 	LED_OFF;
    0220 9A95      SBI	P12,5
(0351) 	TCCR1B = 0x03; //start Timer
FILE: <library>
    0221 E083      LDI	R24,3
    0222 BD8E      OUT	P2E,R24
    0223 CF99      RJMP	0x01BD
    0224 9508      RET
pop_gset2:
    0225 E0E2      LDI	R30,2
    0226 C004      RJMP	pop
push_gset1:
    0227 935A      ST	R21,-Y
    0228 934A      ST	R20,-Y
    0229 9508      RET
pop_gset1:
    022A E0E1      LDI	R30,1
pop:
    022B 9149      LD	R20,Y+
    022C 9159      LD	R21,Y+
    022D FDE0      SBRC	R30,0
    022E 9508      RET
    022F 9169      LD	R22,Y+
    0230 9179      LD	R23,Y+
    0231 FDE1      SBRC	R30,1
    0232 9508      RET
    0233 90A9      LD	R10,Y+
    0234 90B9      LD	R11,Y+
    0235 FDE2      SBRC	R30,2
    0236 9508      RET
    0237 90C9      LD	R12,Y+
    0238 90D9      LD	R13,Y+
    0239 FDE3      SBRC	R30,3
    023A 9508      RET
    023B 90E9      LD	R14,Y+
    023C 90F9      LD	R15,Y+
    023D 9508      RET
push_gset2:
    023E 937A      ST	R23,-Y
    023F 936A      ST	R22,-Y
    0240 CFE6      RJMP	push_gset1

