Build log E:\Document\Product_Transfer\LonDeviceDevelopTool\DATA Program\Lon\SI_Base\3150SENS_SI\3150SENS_SI Output\3150SENS_SI.log
Created Monday, January 22, 2007, at 11:42:27

Compiling...
Warning: E:\DOCUMENT\PRODUCT_TRANSFER\LONDEVICEDEVELOPTOOL\DATA PROGRAM\LON\SI_BASE\3150SENS_SI\3150SENS_SI.NC   53(  1):
        Type defaults to 'int' [NCC#147]
Warning: E:\DOCUMENT\PRODUCT_TRANSFER\LONDEVICEDEVELOPTOOL\DATA PROGRAM\LON\SI_BASE\3150SENS_SI\3150SENS_SI.NC  187(  1):
        The symbol 'i' was declared but never used [NCC#310]
Warning: E:\DOCUMENT\PRODUCT_TRANSFER\LONDEVICEDEVELOPTOOL\DATA PROGRAM\LON\SI_BASE\3150SENS_SI\3150SENS_SI.NC  187(  1):
        The symbol 'tempp' was declared but never used [NCC#310]
Warning: E:\DOCUMENT\PRODUCT_TRANSFER\LONDEVICEDEVELOPTOOL\DATA PROGRAM\LON\SI_BASE\3150SENS_SI\3150SENS_SI.NC  430(  1):
        The symbol 'len' was declared but never used [NCC#310]
Warning: E:\DOCUMENT\PRODUCT_TRANSFER\LONDEVICEDEVELOPTOOL\DATA PROGRAM\LON\SI_BASE\3150SENS_SI\3150SENS_SI.NC  430(  1):
        The symbol 'nodeId' was declared but never used [NCC#310]
Warning: E:\DOCUMENT\PRODUCT_TRANSFER\LONDEVICEDEVELOPTOOL\DATA PROGRAM\LON\SI_BASE\3150SENS_SI\3150SENS_SI.NC  435(  5):
        Return value of function was ignored [NCC#174]
Warning: E:\DOCUMENT\PRODUCT_TRANSFER\LONDEVICEDEVELOPTOOL\DATA PROGRAM\LON\SI_BASE\3150SENS_SI\3150SENS_SI.NC  456( 60):
        Use of possibly uninitialized variable [NCC#274]
Warning: E:\DOCUMENT\PRODUCT_TRANSFER\LONDEVICEDEVELOPTOOL\DATA PROGRAM\LON\SI_BASE\3150SENS_SI\3150SENS_SI.NC  484(  5):
        Return value of function was ignored [NCC#174]
Warning: E:\DOCUMENT\PRODUCT_TRANSFER\LONDEVICEDEVELOPTOOL\DATA PROGRAM\LON\SI_BASE\3150SENS_SI\3150SENS_SI.NC  503(  1):
        The symbol 'obuffer' was declared but never used [NCC#310]
Warning: E:\DOCUMENT\PRODUCT_TRANSFER\LONDEVICEDEVELOPTOOL\DATA PROGRAM\LON\SI_BASE\3150SENS_SI\3150SENS_SI.NC  503(  1):
        The symbol 'cds_data' was declared but never used [NCC#310]
Warning: E:\DOCUMENT\PRODUCT_TRANSFER\LONDEVICEDEVELOPTOOL\DATA PROGRAM\LON\SI_BASE\3150SENS_SI\3150SENS_SI.NC  503(  1):
        The symbol 'domain_clear' was declared but never used [NCC#310]
Assembling...
Linking...
                       LIST OF MEMORY AREAS
  * AREA *                    * ALLOCATED *         * UNUSED *
                             From  To   Len       From  To   Len
SYSTEM IMAGE FLASH           0000 3FFF 4000        - RESERVED - 
OffChip FLASH  (EECODE)      4000 45FF 0600       451C 45FF 00E4
OffChip FLASH  (Pool)         - AVAILABLE -       4600 DFFF 9A00
OnChip  RAM    (System)      E800 EA6D 026E          - NONE -   
OnChip  RAMFAR               EA6E EAAD 0040       EA6E EAAD 0040
OnChip  RAM    (System)      EAAE EE74 03C7          - NONE -   
OnChip  RAMFAR               EE75 EF66 00F2          - NONE -   
OnChip  RAM    (Pool)         - AVAILABLE -       EF67 EFE3 007D
OnChip  RAMNEAR              EFE4 EFFF 001C          - NONE -   
OnChip  EEPROM (Prolog)      F000 F028 0029          - NONE -   
OnChip  EEPROM (Config)      F029 F0E7 00BF          - NONE -   
OnChip  EECODE               F0E8 F10E 0027          - NONE -   
OnChip  EEPROM (MemCtl)      F10F F121 0013          - NONE -   
OnChip  EEPROM (Pool)         - AVAILABLE -       F122 F1E7 00C6
OnChip  EEFAR                F1E8 F1EE 0007       F1E8 F1EE 0007
OnChip  EENEAR               F1EF F1EF 0001          - NONE -   
OnChip  EEPROM (Epilog)      F1F0 F1FF 0010          - NONE -   
End of Memory Area List
Link Memory Usage Statistics:
EEPROM Usage:  (not necessarily in order of physical layout)
               (includes application use of external Flash memory)
        Reserved for System Firmware     16128 bytes
        System Data and Parameters         116 bytes
        Domain and Address Tables          105 bytes
        Network Variable Config Tables      49 bytes
        Application EEPROM Variables         1 byte
        Library EEPROM Variables             0 bytes
        Application Code and Const Data   1053 bytes
        Library Code and Const Data        278 bytes
        Self-Identification Data            13 bytes
                                         -----
        Total EEPROM Requirement         17743 bytes
        Remaining EEPROM                 39857 bytes
RAM Usage:      (not necessarily in order of physical layout)
        System Data and Parameters         634 bytes
        Transaction Control Blocks         160 bytes
        Appl Timers and I/O Change Events    3 bytes
        Network and Application Buffers    792 bytes
        Flash Memory System RAM Buffer     128 bytes
        ISR RAM Buffer                     105 bytes
        Application RAM Variables           28 bytes
        Library RAM Variables                9 bytes
                                         -----
        Total RAM Requirement             1859 bytes
        Remaining RAM                      189 bytes
Successfully linked for PL 3150.
        Memory Map (14 bytes of System EEPROM) supports extended memory.
                This amount varies by the firmware version.
        Extended Version Number (4 bytes) varies by firmware version.
        System Upper EEPROM Area (16 bytes) varies by firmware version.
        Priority outgoing message transaction control block uses 28 bytes of RAM.
                Of this amount, 10 bytes varies by firmware version.
        Some system RAM usage, for System Data and Transaction Blocks
                (totaling 268 bytes) varies by the Neuron model, the
                firmware version, and the number of receive
                transaction control blocks.
        Flash support requires an additional 128 bytes of RAM.
        Due to code in flash or EEPROM memory,
                SCI or SPI I/O model ISR requires a buffer of 105 bytes of RAM.
        Default buffer counts vary by Neuron model
                (resulting in an additional 264 bytes of RAM).
        FLASH Signature  = FE:4B7B @ 4000 .. 4002
End of Link Statistics
Exporting...
Creating 'E:\Document\Product_Transfer\LonDeviceDevelopTool\DATA Program\Lon\SI_Base\3150SENS_SI\3150SENS_SI Output\3150SENS_SI.NXE'... Done.
Creating 'E:\Document\Product_Transfer\LonDeviceDevelopTool\DATA Program\Lon\SI_Base\3150SENS_SI\3150SENS_SI Output\3150SENS_SI.XIF'... Done.
Creating 'E:\Document\Product_Transfer\LonDeviceDevelopTool\DATA Program\Lon\SI_Base\3150SENS_SI\3150SENS_SI Output\3150SENS_SI.XFB'... Done.
Creating 'E:\Document\Product_Transfer\LonDeviceDevelopTool\DATA Program\Lon\SI_Base\3150SENS_SI\3150SENS_SI Output\3150SENS_SI.APB'... Done.
Creating 'E:\Document\Product_Transfer\LonDeviceDevelopTool\DATA Program\Lon\SI_Base\3150SENS_SI\3150SENS_SI Output\3150SENS_SI.NEI'... Done.
Creating 'E:\Document\Product_Transfer\LonDeviceDevelopTool\DATA Program\Lon\SI_Base\3150SENS_SI\3150SENS_SI Output\3150SENS_SI.NDL'... Done.

