Build log C:\Lm\Source\Denver\Denver\Development\Denver.log
Created Tuesday, May 15, 2012, at 15:18:16

Build due for component Neuron (R) C Compiler, reason: File C:\LM\SOURCE\DENVER\DENVER\DENVER.NC is present but modified
Requesting build from Neuron (R) C Compiler
Compiling...
Neuron (R) C Compiler: C:\Lm\Source\Denver\Denver\Denver.nc
Warning: C:\LM\SOURCE\DENVER\DENVER\DENVER.NC    7(  9):
        The '#pragma set_std_prog_id' conflicts with ID set via compile option [NCC#343]
Warning: C:\LM\SOURCE\DENVER\DENVER\COMM.H   45(  3):
        Typename 'UNVT_subscribe' not found in Device Resource Files; 'SNVT*', 'SCPT*', 'UNVT*', 'UCPT*' are reserved [NCC#389]
Warning: C:\LM\SOURCE\DENVER\DENVER\COMM.H   51(  3):
        Typename 'UNVT_parameter' not found in Device Resource Files; 'SNVT*', 'SCPT*', 'UNVT*', 'UCPT*' are reserved [NCC#389]
Warning: C:\LM\SOURCE\DENVER\DENVER\COMM.H   57(  3):
        Typename 'UNVT_CDT_command' not found in Device Resource Files; 'SNVT*', 'SCPT*', 'UNVT*', 'UCPT*' are reserved [NCC#389]
Warning: C:\LM\SOURCE\DENVER\DENVER\COMM.H   66(  3):
        Typename 'UNVT_sci_version' not found in Device Resource Files; 'SNVT*', 'SCPT*', 'UNVT*', 'UCPT*' are reserved [NCC#389]
Warning: C:\LM\SOURCE\DENVER\DENVER\COMM.H   71(  3):
        Typename 'UNVT_sci_version_request' not found in Device Resource Files; 'SNVT*', 'SCPT*', 'UNVT*', 'UCPT*' are reserved [NCC#389]
Warning: C:\LM\SOURCE\DENVER\DENVER\COMM.H   73(  6):
        Typename 'UNVT_wayside_req_enum' not found in Device Resource Files; 'SNVT*', 'SCPT*', 'UNVT*', 'UCPT*' are reserved [NCC#389]
Warning: C:\LM\SOURCE\DENVER\DENVER\COMM.H   84(  3):
        Typename 'UNVT_wayside_request' not found in Device Resource Files; 'SNVT*', 'SCPT*', 'UNVT*', 'UCPT*' are reserved [NCC#389]
Warning: C:\LM\SOURCE\DENVER\DENVER\COMM.H   89(  3):
        Typename 'UNVT_wayside_response' not found in Device Resource Files; 'SNVT*', 'SCPT*', 'UNVT*', 'UCPT*' are reserved [NCC#389]
Warning: C:\LM\SOURCE\DENVER\DENVER\DENVER.NC  371(  4):
        Return value of function was ignored [NCC#174]
Warning: C:\LM\SOURCE\DENVER\DENVER\DENVER.NC  380(  4):
        Return value of function was ignored [NCC#174]
Warning: C:\LM\SOURCE\DENVER\DENVER\DENVER.NC  537(  4):
        Return value of function was ignored [NCC#174]
Warning: C:\LM\SOURCE\DENVER\DENVER\DENVER.NC  540(  4):
        Return value of function was ignored [NCC#174]
Warning: C:\LM\SOURCE\DENVER\DENVER\DENVER.NC  614( 58):
        Array index is out of range of bounds declaration [NCC#345]
Warning: C:\LM\SOURCE\DENVER\DENVER\DENVER.NC  848(  1):
        The symbol 'request' was declared but never used [NCC#310]
Warning: C:\LM\SOURCE\DENVER\DENVER\DENVER.NC  878( 45):
        Possible data loss converting long to short [NCC#212]
Warning: C:\LM\SOURCE\DENVER\DENVER\DENVER.NC  880( 13):
        Comparison is ineffective - result of comparison is a constant [NCC#248]
Warning: C:\LM\SOURCE\DENVER\DENVER\DENVER.NC  880( 13):
        Loop, branch, or 'when' condition is always TRUE [NCC#249]
Warning: C:\LM\SOURCE\DENVER\DENVER\DENVER.NC  983(  9):
        Return value of function was ignored [NCC#174]
Warning: C:\LM\SOURCE\DENVER\DENVER\DENVER.NC    1(  1):
        Not enough address table entries for optimum efficiency [NCC#24]
Warning: C:\LM\SOURCE\DENVER\DENVER\DENVER.NC 1111(  2):
        The symbol 'CheckSum' was declared but never used [NCC#310]
Warning: C:\LM\SOURCE\DENVER\DENVER\DENVER.NC 1111(  2):
        The symbol 'Self_Install' was declared but never used [NCC#310]
Warning: C:\LM\SOURCE\DENVER\DENVER\DENVER.NC 1111(  2):
        The symbol '_Checksum' was declared but never used [NCC#310]
Warning: C:\LM\SOURCE\DENVER\DENVER\DENVER.NC 1111(  2):
        The symbol 'FtpReq_Number' was declared but never used [NCC#310]
Warning: C:\LM\SOURCE\DENVER\DENVER\DENVER.NC 1111(  2):
        The symbol 'SendTime' was declared but never used [NCC#310]
Compiling C:\Lm\Source\Denver\Denver\Denver.nc succeeded with result code 0.
Requesting build from Neuron (R) Assembler
Assembling...
Neuron (R) Assembler: C:\Lm\Source\Denver\Denver\Development\IM\Denver.ns
Assembling C:\Lm\Source\Denver\Denver\Development\IM\Denver.ns succeeded with result code 0.
Requesting build from Neuron (R) Linker
Linking...
Neuron (R) Linker: Denver
Warning: Statement expansion is not required for this target [NLD#516]
Linking Denver::Development succeeded with result code 0.
                       LIST OF MEMORY AREAS
  * AREA *                    * ALLOCATED *         * UNUSED *
                             From  To   Len       From  To   Len
SYSTEM IMAGE ROM             0000 3FFF 4000        - RESERVED - 
OffChip NVRAM  (EECODE)      4000 59FF 1A00       59FB 59FF 0005
OffChip NVRAM  (Pool)         - AVAILABLE -       5A00 DFFF 8600
OffChip RAM    (System)      E000 E36E 036F          - NONE -   
OffChip RAM    (DATA)         - AVAILABLE -       E36F E3FF 0091
OffChip RAM    (Pool)         - AVAILABLE -       E400 E4FF 0100
OffChip RAMFAR               E500 E733 0234       E500 E54E 004F
OffChip RAMNEAR              E734 E7FF 00CC          - NONE -   
OnChip  RAM    (System)      E800 EF91 0792          - NONE -   
OnChip  RAM    (System)         - WASTE -         EF92 EFFF 006E
OnChip  EEPROM (Prolog)      F000 F02D 002E          - NONE -   
OnChip  EEPROM (Config)      F02E F0F5 00C8          - NONE -   
OnChip  EECODE               F0F6 F0F8 0003       F0F6 F0F8 0003
OnChip  EEPROM (MemCtl)      F0F9 F106 000E          - NONE -   
OnChip  EEPROM (Pool)         - AVAILABLE -       F107 F7E6 06E0
OnChip  EENEAR               F7E7 F7FE 0018       F7E7 F7E7 0001
OnChip  EEPROM (Epilog)      F7FF F7FF 0001          - NONE -   
End of Memory Area List
Link Memory Usage Statistics:
EEPROM Usage:  (not necessarily in order of physical layout)
               (includes application use of external NVRAM)
        System Data and Parameters          89 bytes
        Domain and Address Tables           80 bytes
        Network Variable Config Tables      94 bytes
        System EENEAR Variables              2 bytes
        Onchip Data Area Fragmentation       1 byte
        Application EEPROM Variables         3 bytes
        Library EEPROM Variables            18 bytes
        Application Code and Const Data   5586 bytes
        Library Code and Const Data        599 bytes
        Self-Identification Data           464 bytes
                                         -----
        Total EEPROM Requirement          6936 bytes
        Remaining EEPROM                 36072 bytes
RAM Usage:      (not necessarily in order of physical layout)
        System Data and Parameters         701 bytes
        Transaction Control Blocks         199 bytes
        Appl Timers and I/O Change Events   19 bytes
        Network and Application Buffers   1898 bytes
        Network Debugger Memory Buffer     240 bytes(*)
        System RAM Fragmentation           110 bytes
        Application RAM Variables          449 bytes
        Library RAM Variables                0 bytes
                                         -----
        Total RAM Requirement             3616 bytes(*)
        Remaining RAM                      480 bytes(*)
Successfully linked for FT 5000.
        System RAM Fragmentation (110 bytes) is specific to
                system use of external RAM.
        Memory Map (9 bytes of System EEPROM) supports extended memory.
                This amount varies by the firmware version.
        Extended Version Number (4 bytes) varies by firmware version.
        Onchip EEPROM Data Fragmentation (1 byte) varies by Neuron model.
        System EENEAR Variables (2 bytes) varies by firmware version.
        System Upper EEPROM Area (1 byte) varies by firmware version.
        Priority outgoing message transaction control block uses 28 bytes of RAM.
                Of this amount, 10 bytes varies by firmware version.
        Some system RAM usage, for System Data and Transaction Blocks
                (totaling 374 bytes) varies by the Neuron model, the
                firmware version, and the number of receive
                transaction control blocks.
        Default buffer counts vary by Neuron model
                (resulting in an additional 584 bytes of RAM).
Neuron Linker Version 5.01.07 Copyright (c) Echelon Corporation 1992-2010
Page 3           Tue May 15 15:18:16 2012C:\Lm\Source\Denver\Denver\Development\IM\Denver.nxr
        (*) The network debugger is currently using 240 bytes of RAM.
                The linker can automatically decrease this size to a minimum of 13 bytes,
                as necessary, with a decrease in network debugger messaging performance.
        NVRAM Signature  = 0000 @ 4000 .. 4001
End of Link Statistics
Requesting build from Neuron (R) Exporter
Exporting...
Neuron (R) Exporter: Denver
Creating 'C:\Lm\Source\Denver\Denver\Development\Denver.NXE'... Done.
Creating 'C:\Lm\Source\Denver\Denver\Development\Denver.XIF'... Done.
Creating 'C:\Lm\Source\Denver\Denver\Development\Denver.XFB'... Done.
Creating 'C:\Lm\Source\Denver\Denver\Development\Denver.APB'... Done.
Creating 'C:\Lm\Source\Denver\Denver\Development\Denver.NDL'... Done.
Creating 'C:\Lm\Source\Denver\Denver\Development\Denver.NME'... Done.
Exporting Denver succeeded with result code 0.
C:\LONWORKS\NEURONC\INCLUDE\BPLATE.NS
C:\LONWORKS\NEURONC\INCLUDE\ECHELON.H
C:\LONWORKS\NEURONC\INCLUDE\MODNVLEN.H
C:\LONWORKS\NEURONC\INCLUDE\ADDRDEFS.H
C:\LONWORKS\NEURONC\INCLUDE\ACCESS.H
C:\LONWORKS\NEURONC\INCLUDE\MSG_ADDR.H
C:\LONWORKS\NEURONC\INCLUDE\S32.H
C:\LONWORKS\NEURONC\INCLUDE\NM_STE.H
C:\LONWORKS\NEURONC\INCLUDE\CONTROL.H
C:\LONWORKS\NEURONC\INCLUDE\IO_TYPES.H
C:\LONWORKS\NEURONC\INCLUDE\NETMGMT.H
C:\LONWORKS\NEURONC\INCLUDE\NM_CKM.H
C:\LONWORKS\NEURONC\INCLUDE\NM_ERR.H
C:\LONWORKS\NEURONC\INCLUDE\NM_FM.H
C:\LONWORKS\NEURONC\INCLUDE\NM_INST.H
C:\LONWORKS\NEURONC\INCLUDE\NM_MOD.H
C:\LONWORKS\NEURONC\INCLUDE\NM_NMO.H
C:\LONWORKS\NEURONC\INCLUDE\NM_RQR.H
C:\LONWORKS\NEURONC\INCLUDE\NM_SEL.H
C:\LONWORKS\NEURONC\INCLUDE\NM_SUB.H
C:\LONWORKS\NEURONC\INCLUDE\NM_WCH.H
C:\LONWORKS\NEURONC\INCLUDE\NM_MODEL.H
C:\LONWORKS\NEURONC\INCLUDE\STATUS.H
C:\LONWORKS\NEURONC\INCLUDE\SNVT_FR.H
C:\LONWORKS\NEURONC\INCLUDE\SNVT_FS.H
C:\LM\SOURCE\DENVER\DENVER\COMM.H
C:\LM\SOURCE\DENVER\DENVER\FILE.H
C:\LM\SOURCE\DENVER\DENVER\FSYS.H
