###############################################################################
#
# IAR ANSI C/C++ Compiler V8.30.1.114/W32 for ARM         16/Oct/2018  10:22:11
# Copyright 1999-2018 IAR Systems AB.
#
#    Cpu mode     =  arm
#    Endian       =  little
#    Source file  =  
#        D:\Dropbox\JDS_PRO\@@ @@@@\denver\@@@@
#        @@\RF_COM NCR @@
#        @@\@@@@\MCU\PAC_170405\str71x\71x_gpio.c
#    Command line =  
#        -f C:\Users\JDS_DELL\AppData\Local\Temp\EW4453.tmp
#        ("D:\Dropbox\JDS_PRO\@@ @@@@\denver\@@@@
#        @@\RF_COM NCR @@
#        @@\@@@@\MCU\PAC_170405\str71x\71x_gpio.c" -lCN
#        "D:\Dropbox\JDS_PRO\@@ @@@@\denver\@@@@
#        @@\RF_COM NCR @@
#        @@\@@@@\MCU\PAC_170405\debug\List" -o
#        "D:\Dropbox\JDS_PRO\@@ @@@@\denver\@@@@
#        @@\RF_COM NCR @@ @@\@@@@\MCU\PAC_170405\debug\Obj"
#        --no_cse --no_unroll --no_inline --no_code_motion --no_tbaa
#        --no_clustering --no_scheduling --debug --endian=little --cpu=ARM7TDMI
#        -e --fpu=None --dlib_config "C:\Program Files (x86)\IAR
#        Systems\Embedded Workbench 8.1\arm\inc\c\DLib_Config_Normal.h" -I
#        "D:\Dropbox\JDS_PRO\@@ @@@@\denver\@@@@
#        @@\RF_COM NCR @@ @@\@@@@\MCU\PAC_170405\" -I
#        "D:\Dropbox\JDS_PRO\@@ @@@@\denver\@@@@
#        @@\RF_COM NCR @@ @@\@@@@\MCU\PAC_170405\str71x\"
#        --cpu_mode arm -Ol --use_c++_inline)
#    Locale       =  C
#    List file    =  
#        D:\Dropbox\JDS_PRO\@@ @@@@\denver\@@@@
#        @@\RF_COM NCR @@
#        @@\@@@@\MCU\PAC_170405\debug\List\71x_gpio.lst
#    Object file  =  
#        D:\Dropbox\JDS_PRO\@@ @@@@\denver\@@@@
#        @@\RF_COM NCR @@
#        @@\@@@@\MCU\PAC_170405\debug\Obj\71x_gpio.o
#
###############################################################################

D:\Dropbox\JDS_PRO\@@ @@@@\denver\@@@@ @@\RF_COM NCR @@ @@\@@@@\MCU\PAC_170405\str71x\71x_gpio.c
      1          /******************** (C) COPYRIGHT 2007 STMicroelectronics ********************
      2          * File Name          : 71x_gpio.c
      3          * Author             : MCD Application Team
      4          * Version            : V4.0
      5          * Date               : 10/09/2007
      6          * Description        : This file provides all the GPIO firmware functions.
      7          ********************************************************************************
      8          * THE PRESENT SOFTWARE WHICH IS FOR GUIDANCE ONLY AIMS AT PROVIDING CUSTOMERS
      9          * WITH CODING INFORMATION REGARDING THEIR PRODUCTS IN ORDER FOR THEM TO SAVE TIME.
     10          * AS A RESULT, STMICROELECTRONICS SHALL NOT BE HELD LIABLE FOR ANY DIRECT,
     11          * INDIRECT OR CONSEQUENTIAL DAMAGES WITH RESPECT TO ANY CLAIMS ARISING FROM THE
     12          * CONTENT OF SUCH SOFTWARE AND/OR THE USE MADE BY CUSTOMERS OF THE CODING
     13          * INFORMATION CONTAINED HEREIN IN CONNECTION WITH THEIR PRODUCTS.
     14          *******************************************************************************/
     15          
     16          /* Includes ------------------------------------------------------------------*/
     17          #include "71x_gpio.h"
     18          
     19          /* Private typedef -----------------------------------------------------------*/
     20          /* Private define ------------------------------------------------------------*/
     21          /* Private macro -------------------------------------------------------------*/
     22          /* Private variables ---------------------------------------------------------*/
     23          /* Private function prototypes -----------------------------------------------*/
     24          /* Private functions ---------------------------------------------------------*/
     25          
     26          /*******************************************************************************
     27          * Function Name  : GPIO_Config
     28          * Description    : Configures the selected GPIO I/O pins according to the input
     29          *                  passed in parameter.
     30          * Input          : - GPIOx: selects the port to be configured (x can be 0,1 or 2).
     31          *                  - Port_Pins: this parameter specifies the port pin placement.
     32          *                  You can select more than one pin.
     33          *                  - Pins Mode: specifies the pin mode.
     34          * Output         : None
     35          * Return         : None
     36          *******************************************************************************/

   \                                 In section .text, align 4, keep-with-next
     37          void GPIO_Config (GPIO_TypeDef *GPIOx, u16 Port_Pins,
     38                            GpioPinMode_TypeDef GPIO_Mode)
     39          {
     40            switch (GPIO_Mode)
   \                     GPIO_Config:
   \        0x0   0xE212'20FF        ANDS     R2,R2,#0xFF      ;; Zero extend
   \        0x4   0xE352'0007        CMP      R2,#+7
   \        0x8   0x8A00'0052        BHI      ??GPIO_Config_1
   \        0xC   0xE7DF'3002        LDRB     R3,[PC, R2]
   \       0x10   0xE08F'F103        ADD      PC,PC,R3, LSL #+2
   \                     ??GPIO_Config_0:
   \       0x14   0x01 0x0B          DC8      0x1,0xB,0x15,0x1F
   \              0x15 0x1F    
   \       0x18   0x29 0x33          DC8      0x29,0x33,0x3D,0x47
   \              0x3D 0x47    
     41            {
     42              case GPIO_HI_AIN_TRI:
     43                GPIOx->PC0 &= ~Port_Pins;
   \                     ??GPIO_Config_2:
   \       0x1C   0xE1D0'20B0        LDRH     R2,[R0, #+0]
   \       0x20   0xE1D2'2001        BICS     R2,R2,R1
   \       0x24   0xE1C0'20B0        STRH     R2,[R0, #+0]
     44                GPIOx->PC1 &= ~Port_Pins;
   \       0x28   0xE1D0'20B4        LDRH     R2,[R0, #+4]
   \       0x2C   0xE1D2'2001        BICS     R2,R2,R1
   \       0x30   0xE1C0'20B4        STRH     R2,[R0, #+4]
     45                GPIOx->PC2 &= ~Port_Pins;
   \       0x34   0xE1D0'20B8        LDRH     R2,[R0, #+8]
   \       0x38   0xE1D2'1001        BICS     R1,R2,R1
   \       0x3C   0xE1C0'10B8        STRH     R1,[R0, #+8]
     46                break;
   \       0x40   0xEA00'0044        B        ??GPIO_Config_1
     47          
     48              case GPIO_IN_TRI_TTL:
     49                GPIOx->PC0 |= Port_Pins;
   \                     ??GPIO_Config_3:
   \       0x44   0xE1D0'20B0        LDRH     R2,[R0, #+0]
   \       0x48   0xE191'2002        ORRS     R2,R1,R2
   \       0x4C   0xE1C0'20B0        STRH     R2,[R0, #+0]
     50                GPIOx->PC1 &= ~Port_Pins;
   \       0x50   0xE1D0'20B4        LDRH     R2,[R0, #+4]
   \       0x54   0xE1D2'2001        BICS     R2,R2,R1
   \       0x58   0xE1C0'20B4        STRH     R2,[R0, #+4]
     51                GPIOx->PC2 &= ~Port_Pins;
   \       0x5C   0xE1D0'20B8        LDRH     R2,[R0, #+8]
   \       0x60   0xE1D2'1001        BICS     R1,R2,R1
   \       0x64   0xE1C0'10B8        STRH     R1,[R0, #+8]
     52                break;
   \       0x68   0xEA00'003A        B        ??GPIO_Config_1
     53          
     54              case GPIO_IN_TRI_CMOS:
     55                GPIOx->PC0 &= ~Port_Pins;
   \                     ??GPIO_Config_4:
   \       0x6C   0xE1D0'20B0        LDRH     R2,[R0, #+0]
   \       0x70   0xE1D2'2001        BICS     R2,R2,R1
   \       0x74   0xE1C0'20B0        STRH     R2,[R0, #+0]
     56                GPIOx->PC1 |= Port_Pins;
   \       0x78   0xE1D0'20B4        LDRH     R2,[R0, #+4]
   \       0x7C   0xE191'2002        ORRS     R2,R1,R2
   \       0x80   0xE1C0'20B4        STRH     R2,[R0, #+4]
     57                GPIOx->PC2 &= ~Port_Pins;
   \       0x84   0xE1D0'20B8        LDRH     R2,[R0, #+8]
   \       0x88   0xE1D2'1001        BICS     R1,R2,R1
   \       0x8C   0xE1C0'10B8        STRH     R1,[R0, #+8]
     58                break;
   \       0x90   0xEA00'0030        B        ??GPIO_Config_1
     59          
     60              case GPIO_IPUPD_WP:
     61                GPIOx->PC0 |= Port_Pins;
   \                     ??GPIO_Config_5:
   \       0x94   0xE1D0'20B0        LDRH     R2,[R0, #+0]
   \       0x98   0xE191'2002        ORRS     R2,R1,R2
   \       0x9C   0xE1C0'20B0        STRH     R2,[R0, #+0]
     62                GPIOx->PC1 |= Port_Pins;
   \       0xA0   0xE1D0'20B4        LDRH     R2,[R0, #+4]
   \       0xA4   0xE191'2002        ORRS     R2,R1,R2
   \       0xA8   0xE1C0'20B4        STRH     R2,[R0, #+4]
     63                GPIOx->PC2 &= ~Port_Pins;
   \       0xAC   0xE1D0'20B8        LDRH     R2,[R0, #+8]
   \       0xB0   0xE1D2'1001        BICS     R1,R2,R1
   \       0xB4   0xE1C0'10B8        STRH     R1,[R0, #+8]
     64                break;
   \       0xB8   0xEA00'0026        B        ??GPIO_Config_1
     65          
     66              case GPIO_OUT_OD:
     67                GPIOx->PC0 &= ~Port_Pins;
   \                     ??GPIO_Config_6:
   \       0xBC   0xE1D0'20B0        LDRH     R2,[R0, #+0]
   \       0xC0   0xE1D2'2001        BICS     R2,R2,R1
   \       0xC4   0xE1C0'20B0        STRH     R2,[R0, #+0]
     68                GPIOx->PC1 &= ~Port_Pins;
   \       0xC8   0xE1D0'20B4        LDRH     R2,[R0, #+4]
   \       0xCC   0xE1D2'2001        BICS     R2,R2,R1
   \       0xD0   0xE1C0'20B4        STRH     R2,[R0, #+4]
     69                GPIOx->PC2 |= Port_Pins;
   \       0xD4   0xE1D0'20B8        LDRH     R2,[R0, #+8]
   \       0xD8   0xE191'1002        ORRS     R1,R1,R2
   \       0xDC   0xE1C0'10B8        STRH     R1,[R0, #+8]
     70                break;
   \       0xE0   0xEA00'001C        B        ??GPIO_Config_1
     71          
     72              case GPIO_OUT_PP:
     73                GPIOx->PC0 |= Port_Pins;
   \                     ??GPIO_Config_7:
   \       0xE4   0xE1D0'20B0        LDRH     R2,[R0, #+0]
   \       0xE8   0xE191'2002        ORRS     R2,R1,R2
   \       0xEC   0xE1C0'20B0        STRH     R2,[R0, #+0]
     74                GPIOx->PC1 &= ~Port_Pins;
   \       0xF0   0xE1D0'20B4        LDRH     R2,[R0, #+4]
   \       0xF4   0xE1D2'2001        BICS     R2,R2,R1
   \       0xF8   0xE1C0'20B4        STRH     R2,[R0, #+4]
     75                GPIOx->PC2 |= Port_Pins;
   \       0xFC   0xE1D0'20B8        LDRH     R2,[R0, #+8]
   \      0x100   0xE191'1002        ORRS     R1,R1,R2
   \      0x104   0xE1C0'10B8        STRH     R1,[R0, #+8]
     76                break;
   \      0x108   0xEA00'0012        B        ??GPIO_Config_1
     77          
     78              case GPIO_AF_OD:
     79                GPIOx->PC0 &= ~Port_Pins;
   \                     ??GPIO_Config_8:
   \      0x10C   0xE1D0'20B0        LDRH     R2,[R0, #+0]
   \      0x110   0xE1D2'2001        BICS     R2,R2,R1
   \      0x114   0xE1C0'20B0        STRH     R2,[R0, #+0]
     80                GPIOx->PC1 |= Port_Pins;
   \      0x118   0xE1D0'20B4        LDRH     R2,[R0, #+4]
   \      0x11C   0xE191'2002        ORRS     R2,R1,R2
   \      0x120   0xE1C0'20B4        STRH     R2,[R0, #+4]
     81                GPIOx->PC2 |= Port_Pins;
   \      0x124   0xE1D0'20B8        LDRH     R2,[R0, #+8]
   \      0x128   0xE191'1002        ORRS     R1,R1,R2
   \      0x12C   0xE1C0'10B8        STRH     R1,[R0, #+8]
     82                break;
   \      0x130   0xEA00'0008        B        ??GPIO_Config_1
     83          
     84              case GPIO_AF_PP:
     85                GPIOx->PC0 |= Port_Pins;
   \                     ??GPIO_Config_9:
   \      0x134   0xE1D0'20B0        LDRH     R2,[R0, #+0]
   \      0x138   0xE191'2002        ORRS     R2,R1,R2
   \      0x13C   0xE1C0'20B0        STRH     R2,[R0, #+0]
     86                GPIOx->PC1 |= Port_Pins;
   \      0x140   0xE1D0'20B4        LDRH     R2,[R0, #+4]
   \      0x144   0xE191'2002        ORRS     R2,R1,R2
   \      0x148   0xE1C0'20B4        STRH     R2,[R0, #+4]
     87                GPIOx->PC2 |= Port_Pins;
   \      0x14C   0xE1D0'20B8        LDRH     R2,[R0, #+8]
   \      0x150   0xE191'1002        ORRS     R1,R1,R2
   \      0x154   0xE1C0'10B8        STRH     R1,[R0, #+8]
     88                break;
     89            }
     90          }
   \                     ??GPIO_Config_1:
   \      0x158   0xE12F'FF1E        BX       LR               ;; return
     91          
     92          /*******************************************************************************
     93          * Function Name  : GPIO_BitRead
     94          * Description    : Reads the specified data port bit and returns its value.
     95          * Input          : - GPIOx: selects the port to be read. x can be 0, 1 or 2.
     96          *                  - Port_Pin: Specifies the pin to see the value.
     97          * Output         : None.
     98          * Return         : The selected port pin value.
     99          *******************************************************************************/

   \                                 In section .text, align 4, keep-with-next
    100          u8 GPIO_BitRead(GPIO_TypeDef *GPIOx, u8 Port_Pin)
    101          {
    102            return ((GPIOx->PD >> Port_Pin) & 0x0001);
   \                     GPIO_BitRead:
   \        0x0   0xE1D0'00BC        LDRH     R0,[R0, #+12]
   \        0x4   0xE1B0'0150        ASRS     R0,R0,R1
   \        0x8   0xE210'0001        ANDS     R0,R0,#0x1
   \        0xC   0xE12F'FF1E        BX       LR               ;; return
    103          }
    104          
    105          /*******************************************************************************
    106          * Function Name  : GPIO_ByteRead
    107          * Description    : Reads the specified data port byte and returns its value.
    108          * Input          : - GPIOx: selects the port to be read. x can be 0, 1 or 2.
    109          *                  - Port_Byte: specifies which byte to be read (upper or lower
    110          *                  eight bits)
    111          *                     - GPIO_MSB corresponds to the upper byte.
    112          *                     - GPIO_LSB corresponds to the lower byte.
    113          * Output         : None.
    114          * Return         : The GPIO_MSB or GPIO_LSB of the selected PD register.
    115          *******************************************************************************/

   \                                 In section .text, align 4, keep-with-next
    116          u8 GPIO_ByteRead(GPIO_TypeDef *GPIOx, u8 Port_Byte)
    117          {
    118            return (u8)(GPIOx->PD >> Port_Byte);
   \                     GPIO_ByteRead:
   \        0x0   0xE1D0'00BC        LDRH     R0,[R0, #+12]
   \        0x4   0xE1B0'0150        ASRS     R0,R0,R1
   \        0x8   0xE210'00FF        ANDS     R0,R0,#0xFF      ;; Zero extend
   \        0xC   0xE12F'FF1E        BX       LR               ;; return
    119          }
    120          
    121          /*******************************************************************************
    122          * Function Name  : GPIO_WordRead
    123          * Description    : Reads the value of the specified GPIOx PD data port register
    124          *                  and returns its value.
    125          * Input          : - GPIOx: selects the port to be read. x can be 0, 1 or 2.
    126          * Output         : None.
    127          * Return         : The specified port data value.
    128          *******************************************************************************/

   \                                 In section .text, align 4, keep-with-next
    129          u16 GPIO_WordRead(GPIO_TypeDef *GPIOx)
    130          {
    131            return GPIOx->PD;
   \                     GPIO_WordRead:
   \        0x0   0xE1D0'00BC        LDRH     R0,[R0, #+12]
   \        0x4   0xE12F'FF1E        BX       LR               ;; return
    132          }
    133          
    134          /*******************************************************************************
    135          * Function Name  : GPIO_BitWrite
    136          * Description    : Sets or clears the selected data port bit.
    137          * Input          : - GPIOx: selects the port. x can be 0, 1 or 2.
    138          *                  - Port_Pin: Pin number.
    139          *                  - Bit_Val: bit value (0 or 1).
    140          * Output         : None.
    141          * Return         : None.
    142          *******************************************************************************/

   \                                 In section .text, align 4, keep-with-next
    143          void GPIO_BitWrite(GPIO_TypeDef *GPIOx, u8 Port_Pin, u8 Bit_Val)
    144          {
    145            if (Bit_Val & 0x01)
   \                     GPIO_BitWrite:
   \        0x0   0xE312'0001        TST      R2,#0x1
   \        0x4   0x0A00'0005        BEQ      ??GPIO_BitWrite_0
    146            {
    147              GPIOx->PD |= 1 << Port_Pin;
   \        0x8   0xE1D0'20BC        LDRH     R2,[R0, #+12]
   \        0xC   0xE3A0'3001        MOV      R3,#+1
   \       0x10   0xE1B0'1113        LSLS     R1,R3,R1
   \       0x14   0xE191'1002        ORRS     R1,R1,R2
   \       0x18   0xE1C0'10BC        STRH     R1,[R0, #+12]
   \       0x1C   0xEA00'0004        B        ??GPIO_BitWrite_1
    148            }
    149            else
    150            {
    151              GPIOx->PD &= ~(1 << Port_Pin);
   \                     ??GPIO_BitWrite_0:
   \       0x20   0xE1D0'20BC        LDRH     R2,[R0, #+12]
   \       0x24   0xE3A0'3001        MOV      R3,#+1
   \       0x28   0xE1B0'1113        LSLS     R1,R3,R1
   \       0x2C   0xE1D2'1001        BICS     R1,R2,R1
   \       0x30   0xE1C0'10BC        STRH     R1,[R0, #+12]
    152            }
    153          }
   \                     ??GPIO_BitWrite_1:
   \       0x34   0xE12F'FF1E        BX       LR               ;; return
    154          
    155          /*******************************************************************************
    156          * Function Name  : GPIO_ByteWrite
    157          * Description    : Write byte value to the selected GPIOx PD register.
    158          * Input          : - GPIOx: selects the port. x can be 0, 1 or 2.
    159          *                  - Port_Byte: specifies which byte to be written (upper or 
    160                             lower eight bits)
    161          *                     - GPIO_MSB corresponds to the upper byte.
    162          *                     - GPIO_LSB corresponds to the lower byte.
    163          *                  - Port_Val: the value of the byte to be written.
    164          * Output         : None.
    165          * Return         : None.
    166          *******************************************************************************/

   \                                 In section .text, align 4, keep-with-next
    167          void GPIO_ByteWrite(GPIO_TypeDef *GPIOx, u8 Port_Byte, u8 Port_Val)
    168          {
    169               
    170            if(Port_Byte)
   \                     GPIO_ByteWrite:
   \        0x0   0xE211'10FF        ANDS     R1,R1,#0xFF      ;; Zero extend
   \        0x4   0xE351'0000        CMP      R1,#+0
   \        0x8   0x0A00'0007        BEQ      ??GPIO_ByteWrite_0
    171            {            
    172             GPIOx->PD &= 0x00FF;
   \        0xC   0xE1D0'10BC        LDRH     R1,[R0, #+12]
   \       0x10   0xE211'10FF        ANDS     R1,R1,#0xFF
   \       0x14   0xE1C0'10BC        STRH     R1,[R0, #+12]
    173             GPIOx->PD |= (u16)Port_Val << 8;
   \       0x18   0xE1D0'10BC        LDRH     R1,[R0, #+12]
   \       0x1C   0xE212'20FF        ANDS     R2,R2,#0xFF      ;; Zero extend
   \       0x20   0xE191'1402        ORRS     R1,R1,R2, LSL #+8
   \       0x24   0xE1C0'10BC        STRH     R1,[R0, #+12]
   \       0x28   0xEA00'0006        B        ??GPIO_ByteWrite_1
    174            }
    175            /* If LSB selected */
    176           else
    177            {
    178             GPIOx->PD &= 0xFF00;
   \                     ??GPIO_ByteWrite_0:
   \       0x2C   0xE1D0'10BC        LDRH     R1,[R0, #+12]
   \       0x30   0xE211'1CFF        ANDS     R1,R1,#0xFF00
   \       0x34   0xE1C0'10BC        STRH     R1,[R0, #+12]
    179             GPIOx->PD |= Port_Val;
   \       0x38   0xE1D0'10BC        LDRH     R1,[R0, #+12]
   \       0x3C   0xE212'20FF        ANDS     R2,R2,#0xFF      ;; Zero extend
   \       0x40   0xE192'1001        ORRS     R1,R2,R1
   \       0x44   0xE1C0'10BC        STRH     R1,[R0, #+12]
    180            }
    181          }
   \                     ??GPIO_ByteWrite_1:
   \       0x48   0xE12F'FF1E        BX       LR               ;; return
    182          
    183          /*******************************************************************************
    184          * Function Name  : GPIO_WordWrite
    185          * Description    : Writes a value in to the selected data port register.
    186          * Input          : - GPIOx: selects the port. x can be 0, 1 or 2.
    187          *                  - Port_Val: the value of the word to be written.
    188          * Output         : None.
    189          * Return         : None.
    190          *******************************************************************************/

   \                                 In section .text, align 4, keep-with-next
    191          void GPIO_WordWrite(GPIO_TypeDef *GPIOx, u16 Port_Val)
    192          {
    193            GPIOx->PD = Port_Val;
   \                     GPIO_WordWrite:
   \        0x0   0xE1C0'10BC        STRH     R1,[R0, #+12]
    194          }
   \        0x4   0xE12F'FF1E        BX       LR               ;; return
    195          
    196          /******************* (C) COPYRIGHT 2007 STMicroelectronics *****END OF FILE****/

   Maximum stack usage in bytes:

   .cstack Function
   ------- --------
       0   GPIO_BitRead
       0   GPIO_BitWrite
       0   GPIO_ByteRead
       0   GPIO_ByteWrite
       0   GPIO_Config
       0   GPIO_WordRead
       0   GPIO_WordWrite


   Section sizes:

   Bytes  Function/Label
   -----  --------------
      16  GPIO_BitRead
      56  GPIO_BitWrite
      16  GPIO_ByteRead
      76  GPIO_ByteWrite
     348  GPIO_Config
       8  GPIO_WordRead
       8  GPIO_WordWrite

 
 528 bytes in section .text
 
 528 bytes of CODE memory

Errors: none
Warnings: none
