###############################################################################
#
# IAR ANSI C/C++ Compiler V8.30.1.114/W32 for ARM         16/Oct/2018  10:22:11
# Copyright 1999-2018 IAR Systems AB.
#
#    Cpu mode     =  arm
#    Endian       =  little
#    Source file  =  
#        D:\Dropbox\JDS_PRO\@@ @@@@\denver\@@@@
#        @@\RF_COM NCR @@
#        @@\@@@@\MCU\PAC_170405\str71x\71x_apb.c
#    Command line =  
#        -f C:\Users\JDS_DELL\AppData\Local\Temp\EW43B3.tmp
#        ("D:\Dropbox\JDS_PRO\@@ @@@@\denver\@@@@
#        @@\RF_COM NCR @@
#        @@\@@@@\MCU\PAC_170405\str71x\71x_apb.c" -lCN
#        "D:\Dropbox\JDS_PRO\@@ @@@@\denver\@@@@
#        @@\RF_COM NCR @@
#        @@\@@@@\MCU\PAC_170405\debug\List" -o
#        "D:\Dropbox\JDS_PRO\@@ @@@@\denver\@@@@
#        @@\RF_COM NCR @@ @@\@@@@\MCU\PAC_170405\debug\Obj"
#        --no_cse --no_unroll --no_inline --no_code_motion --no_tbaa
#        --no_clustering --no_scheduling --debug --endian=little --cpu=ARM7TDMI
#        -e --fpu=None --dlib_config "C:\Program Files (x86)\IAR
#        Systems\Embedded Workbench 8.1\arm\inc\c\DLib_Config_Normal.h" -I
#        "D:\Dropbox\JDS_PRO\@@ @@@@\denver\@@@@
#        @@\RF_COM NCR @@ @@\@@@@\MCU\PAC_170405\" -I
#        "D:\Dropbox\JDS_PRO\@@ @@@@\denver\@@@@
#        @@\RF_COM NCR @@ @@\@@@@\MCU\PAC_170405\str71x\"
#        --cpu_mode arm -Ol --use_c++_inline)
#    Locale       =  C
#    List file    =  
#        D:\Dropbox\JDS_PRO\@@ @@@@\denver\@@@@
#        @@\RF_COM NCR @@
#        @@\@@@@\MCU\PAC_170405\debug\List\71x_apb.lst
#    Object file  =  
#        D:\Dropbox\JDS_PRO\@@ @@@@\denver\@@@@
#        @@\RF_COM NCR @@
#        @@\@@@@\MCU\PAC_170405\debug\Obj\71x_apb.o
#
###############################################################################

D:\Dropbox\JDS_PRO\@@ @@@@\denver\@@@@ @@\RF_COM NCR @@ @@\@@@@\MCU\PAC_170405\str71x\71x_apb.c
      1          /******************** (C) COPYRIGHT 2007 STMicroelectronics ********************
      2          * File Name          : 71x_apb.c
      3          * Author             : MCD Application Team
      4          * Version            : V4.0
      5          * Date               : 10/09/2007
      6          * Description        : This file provides all the APB firmware functions.
      7          ********************************************************************************
      8          * THE PRESENT SOFTWARE WHICH IS FOR GUIDANCE ONLY AIMS AT PROVIDING CUSTOMERS
      9          * WITH CODING INFORMATION REGARDING THEIR PRODUCTS IN ORDER FOR THEM TO SAVE TIME.
     10          * AS A RESULT, STMICROELECTRONICS SHALL NOT BE HELD LIABLE FOR ANY DIRECT,
     11          * INDIRECT OR CONSEQUENTIAL DAMAGES WITH RESPECT TO ANY CLAIMS ARISING FROM THE
     12          * CONTENT OF SUCH SOFTWARE AND/OR THE USE MADE BY CUSTOMERS OF THE CODING
     13          * INFORMATION CONTAINED HEREIN IN CONNECTION WITH THEIR PRODUCTS.
     14          *******************************************************************************/
     15          
     16          /* Includes ------------------------------------------------------------------*/
     17          #include "71x_apb.h"
     18          
     19          /* Private typedef -----------------------------------------------------------*/
     20          /* Private define ------------------------------------------------------------*/
     21          /* Private macro -------------------------------------------------------------*/
     22          /* Private variables ---------------------------------------------------------*/
     23          /* Private function prototypes -----------------------------------------------*/
     24          /* Private functions ---------------------------------------------------------*/
     25          
     26          /*******************************************************************************
     27          * Function Name  : APB_ClockConfig
     28          * Description    : Enables/Disables the peripheral clock gating on the specified
     29          *                  APB bridge.
     30          * Input          : APBx: selects the APB bridge (APB1 or APB2)
     31          *                  NewState:
     32          *                  ENABLE : The peripheral clock is running
     33          *                  DISABLE : The peripheral clock is stopped
     34          *                  Periph: specifies the APB bridge peripheral. 
     35          * Output         : None.                    
     36          * Return         : None.
     37          *******************************************************************************/

   \                                 In section .text, align 4, keep-with-next
     38          void APB_ClockConfig (APB_TypeDef *APBx, FunctionalState NewState,
     39                                u16 Periph)
     40          {
     41            if (NewState == ENABLE)
   \                     APB_ClockConfig:
   \        0x0   0xE211'10FF        ANDS     R1,R1,#0xFF      ;; Zero extend
   \        0x4   0xE351'0001        CMP      R1,#+1
   \        0x8   0x1A00'0005        BNE      ??APB_ClockConfig_0
     42            {
     43              APBx->CKDIS &= ~Periph;
   \        0xC   0xE590'1000        LDR      R1,[R0, #+0]
   \       0x10   0xE1A0'2802        LSL      R2,R2,#+16
   \       0x14   0xE1B0'2822        LSRS     R2,R2,#+16
   \       0x18   0xE1D1'1002        BICS     R1,R1,R2
   \       0x1C   0xE580'1000        STR      R1,[R0, #+0]
   \       0x20   0xEA00'0004        B        ??APB_ClockConfig_1
     44            }
     45            else
     46            {
     47              APBx->CKDIS |= Periph;
   \                     ??APB_ClockConfig_0:
   \       0x24   0xE590'1000        LDR      R1,[R0, #+0]
   \       0x28   0xE1A0'2802        LSL      R2,R2,#+16
   \       0x2C   0xE1B0'2822        LSRS     R2,R2,#+16
   \       0x30   0xE192'1001        ORRS     R1,R2,R1
   \       0x34   0xE580'1000        STR      R1,[R0, #+0]
     48            }
     49          }
   \                     ??APB_ClockConfig_1:
   \       0x38   0xE12F'FF1E        BX       LR               ;; return
     50          
     51          /*******************************************************************************
     52          * Function Name  : APB_SwResetConfig
     53          * Description    : Enables/disables the software reset for peripherals on the 
     54                             specified APB bridge.
     55          * Input          : APBx: selects the APB bridge (APB1 or APB2)
     56          *                  ENABLE : The peripheral is kept under reset
     57          *                  DISABLE : The peripheral is reset by the system-wide reset
     58          *                  Periph: specifies the APB bridge peripheral. 
     59          * Output         : None.
     60          * Return         : None.
     61          *******************************************************************************/

   \                                 In section .text, align 4, keep-with-next
     62          void APB_SwResetConfig (APB_TypeDef *APBx, FunctionalState NewState,
     63                                  u16 Periph)
     64          {
     65            if (NewState == ENABLE)
   \                     APB_SwResetConfig:
   \        0x0   0xE211'10FF        ANDS     R1,R1,#0xFF      ;; Zero extend
   \        0x4   0xE351'0001        CMP      R1,#+1
   \        0x8   0x1A00'0005        BNE      ??APB_SwResetConfig_0
     66            {
     67              APBx->SWRES |= Periph;
   \        0xC   0xE590'1004        LDR      R1,[R0, #+4]
   \       0x10   0xE1A0'2802        LSL      R2,R2,#+16
   \       0x14   0xE1B0'2822        LSRS     R2,R2,#+16
   \       0x18   0xE192'1001        ORRS     R1,R2,R1
   \       0x1C   0xE580'1004        STR      R1,[R0, #+4]
   \       0x20   0xEA00'0004        B        ??APB_SwResetConfig_1
     68            }
     69            else
     70            {
     71              APBx->SWRES &= ~Periph;
   \                     ??APB_SwResetConfig_0:
   \       0x24   0xE590'1004        LDR      R1,[R0, #+4]
   \       0x28   0xE1A0'2802        LSL      R2,R2,#+16
   \       0x2C   0xE1B0'2822        LSRS     R2,R2,#+16
   \       0x30   0xE1D1'1002        BICS     R1,R1,R2
   \       0x34   0xE580'1004        STR      R1,[R0, #+4]
     72            }
     73          }
   \                     ??APB_SwResetConfig_1:
   \       0x38   0xE12F'FF1E        BX       LR               ;; return
     74          
     75          /******************* (C) COPYRIGHT 2007 STMicroelectronics *****END OF FILE****/

   Maximum stack usage in bytes:

   .cstack Function
   ------- --------
       0   APB_ClockConfig
       0   APB_SwResetConfig


   Section sizes:

   Bytes  Function/Label
   -----  --------------
      60  APB_ClockConfig
      60  APB_SwResetConfig

 
 120 bytes in section .text
 
 120 bytes of CODE memory

Errors: none
Warnings: none
